{"D:\\WEB DEV\\assignment\\timeoff-service\\src\\app.controller.ts": {"path":"D:\\WEB DEV\\assignment\\timeoff-service\\src\\app.controller.ts","statementMap":{"0":{"start":{"line":1,"column":0},"end":{"line":1,"column":49}},"1":{"start":{"line":2,"column":0},"end":{"line":2,"column":43}},"2":{"start":{"line":5,"column":7},"end":{"line":12,"column":null}},"3":{"start":{"line":6,"column":31},"end":{"line":6,"column":43}},"4":{"start":{"line":10,"column":4},"end":{"line":10,"column":38}},"5":{"start":{"line":5,"column":13},"end":{"line":5,"column":26}},"6":{"start":{"line":9,"column":2},"end":{"line":11,"column":null}},"7":{"start":{"line":5,"column":13},"end":{"line":12,"column":null}}},"fnMap":{"0":{"name":"(anonymous_2)","decl":{"start":{"line":6,"column":2},"end":{"line":6,"column":31}},"loc":{"start":{"line":6,"column":53},"end":{"line":6,"column":57}}},"1":{"name":"(anonymous_3)","decl":{"start":{"line":9,"column":2},"end":{"line":9,"column":10}},"loc":{"start":{"line":9,"column":10},"end":{"line":11,"column":3}}}},"branchMap":{},"s":{"0":1,"1":1,"2":1,"3":1,"4":1,"5":1,"6":1,"7":1},"f":{"0":1,"1":1},"b":{}}
,"D:\\WEB DEV\\assignment\\timeoff-service\\src\\app.module.ts": {"path":"D:\\WEB DEV\\assignment\\timeoff-service\\src\\app.module.ts","statementMap":{"0":{"start":{"line":1,"column":0},"end":{"line":1,"column":40}},"1":{"start":{"line":2,"column":0},"end":{"line":2,"column":48}},"2":{"start":{"line":3,"column":0},"end":{"line":3,"column":50}},"3":{"start":{"line":4,"column":0},"end":{"line":4,"column":61}},"4":{"start":{"line":5,"column":0},"end":{"line":5,"column":61}},"5":{"start":{"line":6,"column":0},"end":{"line":6,"column":77}},"6":{"start":{"line":7,"column":0},"end":{"line":7,"column":77}},"7":{"start":{"line":8,"column":0},"end":{"line":8,"column":70}},"8":{"start":{"line":9,"column":0},"end":{"line":9,"column":66}},"9":{"start":{"line":10,"column":0},"end":{"line":10,"column":59}},"10":{"start":{"line":11,"column":0},"end":{"line":11,"column":59}},"11":{"start":{"line":12,"column":0},"end":{"line":12,"column":59}},"12":{"start":{"line":29,"column":7},"end":{"line":29,"column":null}},"13":{"start":{"line":29,"column":13},"end":{"line":29,"column":22}},"14":{"start":{"line":29,"column":13},"end":{"line":29,"column":null}}},"fnMap":{},"branchMap":{"0":{"loc":{"start":{"line":18,"column":16},"end":{"line":18,"column":51}},"type":"binary-expr","locations":[{"start":{"line":18,"column":16},"end":{"line":18,"column":35}},{"start":{"line":18,"column":39},"end":{"line":18,"column":51}}]}},"s":{"0":0,"1":0,"2":0,"3":0,"4":0,"5":0,"6":0,"7":0,"8":0,"9":0,"10":0,"11":0,"12":0,"13":0,"14":0},"f":{},"b":{"0":[0,0]}}
,"D:\\WEB DEV\\assignment\\timeoff-service\\src\\app.service.ts": {"path":"D:\\WEB DEV\\assignment\\timeoff-service\\src\\app.service.ts","statementMap":{"0":{"start":{"line":1,"column":0},"end":{"line":1,"column":44}},"1":{"start":{"line":4,"column":7},"end":{"line":8,"column":null}},"2":{"start":{"line":6,"column":4},"end":{"line":6,"column":26}},"3":{"start":{"line":4,"column":13},"end":{"line":4,"column":23}},"4":{"start":{"line":4,"column":13},"end":{"line":8,"column":null}}},"fnMap":{"0":{"name":"(anonymous_1)","decl":{"start":{"line":5,"column":2},"end":{"line":5,"column":10}},"loc":{"start":{"line":5,"column":10},"end":{"line":7,"column":3}}}},"branchMap":{},"s":{"0":1,"1":1,"2":1,"3":1,"4":1},"f":{"0":1},"b":{}}
,"D:\\WEB DEV\\assignment\\timeoff-service\\src\\database.seeder.ts": {"path":"D:\\WEB DEV\\assignment\\timeoff-service\\src\\database.seeder.ts","statementMap":{"0":{"start":{"line":5,"column":0},"end":{"line":5,"column":7}},"1":{"start":{"line":2,"column":0},"end":{"line":2,"column":75}},"2":{"start":{"line":3,"column":0},"end":{"line":3,"column":61}},"3":{"start":{"line":6,"column":23},"end":{"line":6,"column":57}},"4":{"start":{"line":7,"column":23},"end":{"line":7,"column":57}},"5":{"start":{"line":9,"column":28},"end":{"line":9,"column":54}},"6":{"start":{"line":10,"column":2},"end":{"line":10,"column":36}},"7":{"start":{"line":10,"column":29},"end":{"line":10,"column":36}},"8":{"start":{"line":12,"column":20},"end":{"line":16,"column":4}},"9":{"start":{"line":18,"column":18},"end":{"line":23,"column":4}},"10":{"start":{"line":25,"column":2},"end":{"line":30,"column":5}}},"fnMap":{"0":{"name":"seedDatabase","decl":{"start":{"line":5,"column":22},"end":{"line":5,"column":34}},"loc":{"start":{"line":5,"column":57},"end":{"line":31,"column":1}}}},"branchMap":{"0":{"loc":{"start":{"line":10,"column":2},"end":{"line":10,"column":36}},"type":"if","locations":[{"start":{"line":10,"column":2},"end":{"line":10,"column":36}},{"start":{},"end":{}}]}},"s":{"0":0,"1":0,"2":0,"3":0,"4":0,"5":0,"6":0,"7":0,"8":0,"9":0,"10":0},"f":{"0":0},"b":{"0":[0,0]}}
,"D:\\WEB DEV\\assignment\\timeoff-service\\src\\main.ts": {"path":"D:\\WEB DEV\\assignment\\timeoff-service\\src\\main.ts","statementMap":{"0":{"start":{"line":1,"column":0},"end":{"line":1,"column":43}},"1":{"start":{"line":2,"column":0},"end":{"line":2,"column":48}},"2":{"start":{"line":3,"column":0},"end":{"line":3,"column":41}},"3":{"start":{"line":4,"column":0},"end":{"line":4,"column":77}},"4":{"start":{"line":5,"column":0},"end":{"line":5,"column":49}},"5":{"start":{"line":6,"column":0},"end":{"line":6,"column":37}},"6":{"start":{"line":9,"column":14},"end":{"line":9,"column":49}},"7":{"start":{"line":11,"column":2},"end":{"line":17,"column":4}},"8":{"start":{"line":19,"column":2},"end":{"line":19,"column":50}},"9":{"start":{"line":22,"column":21},"end":{"line":22,"column":40}},"10":{"start":{"line":23,"column":2},"end":{"line":23,"column":33}},"11":{"start":{"line":25,"column":15},"end":{"line":25,"column":39}},"12":{"start":{"line":26,"column":2},"end":{"line":26,"column":25}},"13":{"start":{"line":27,"column":2},"end":{"line":27,"column":63}},"14":{"start":{"line":30,"column":0},"end":{"line":30,"column":12}}},"fnMap":{"0":{"name":"bootstrap","decl":{"start":{"line":8,"column":15},"end":{"line":8,"column":24}},"loc":{"start":{"line":8,"column":24},"end":{"line":28,"column":1}}}},"branchMap":{"0":{"loc":{"start":{"line":25,"column":15},"end":{"line":25,"column":39}},"type":"binary-expr","locations":[{"start":{"line":25,"column":15},"end":{"line":25,"column":31}},{"start":{"line":25,"column":35},"end":{"line":25,"column":39}}]}},"s":{"0":0,"1":0,"2":0,"3":0,"4":0,"5":0,"6":0,"7":0,"8":0,"9":0,"10":0,"11":0,"12":0,"13":0,"14":0},"f":{"0":0},"b":{"0":[0,0]}}
,"D:\\WEB DEV\\assignment\\timeoff-service\\src\\common\\entities\\employee.entity.ts": {"path":"D:\\WEB DEV\\assignment\\timeoff-service\\src\\common\\entities\\employee.entity.ts","statementMap":{"0":{"start":{"line":1,"column":0},"end":{"line":1,"column":92}},"1":{"start":{"line":3,"column":0},"end":{"line":3,"column":null}},"2":{"start":{"line":4,"column":2},"end":{"line":4,"column":null}},"3":{"start":{"line":5,"column":2},"end":{"line":5,"column":null}},"4":{"start":{"line":9,"column":7},"end":{"line":30,"column":null}},"5":{"start":{"line":9,"column":13},"end":{"line":9,"column":21}},"6":{"start":{"line":11,"column":2},"end":{"line":11,"column":null}},"7":{"start":{"line":14,"column":2},"end":{"line":14,"column":null}},"8":{"start":{"line":17,"column":2},"end":{"line":17,"column":null}},"9":{"start":{"line":20,"column":2},"end":{"line":20,"column":null}},"10":{"start":{"line":23,"column":2},"end":{"line":23,"column":null}},"11":{"start":{"line":26,"column":2},"end":{"line":26,"column":null}},"12":{"start":{"line":29,"column":2},"end":{"line":29,"column":null}},"13":{"start":{"line":9,"column":13},"end":{"line":30,"column":null}}},"fnMap":{"0":{"name":"(anonymous_2)","decl":{"start":{"line":3,"column":0},"end":{"line":3,"column":12}},"loc":{"start":{"line":3,"column":24},"end":{"line":6,"column":1}}}},"branchMap":{"0":{"loc":{"start":{"line":3,"column":12},"end":{"line":3,"column":null}},"type":"binary-expr","locations":[{"start":{"line":3,"column":12},"end":{"line":3,"column":24}},{"start":{"line":3,"column":24},"end":{"line":3,"column":null}}]}},"s":{"0":1,"1":1,"2":1,"3":1,"4":1,"5":1,"6":1,"7":1,"8":1,"9":1,"10":1,"11":1,"12":1,"13":1},"f":{"0":1},"b":{"0":[1,1]}}
,"D:\\WEB DEV\\assignment\\timeoff-service\\src\\common\\entities\\location.entity.ts": {"path":"D:\\WEB DEV\\assignment\\timeoff-service\\src\\common\\entities\\location.entity.ts","statementMap":{"0":{"start":{"line":1,"column":0},"end":{"line":1,"column":74}},"1":{"start":{"line":4,"column":7},"end":{"line":19,"column":null}},"2":{"start":{"line":4,"column":13},"end":{"line":4,"column":21}},"3":{"start":{"line":6,"column":2},"end":{"line":6,"column":null}},"4":{"start":{"line":9,"column":2},"end":{"line":9,"column":null}},"5":{"start":{"line":12,"column":2},"end":{"line":12,"column":null}},"6":{"start":{"line":15,"column":2},"end":{"line":15,"column":null}},"7":{"start":{"line":18,"column":2},"end":{"line":18,"column":null}},"8":{"start":{"line":4,"column":13},"end":{"line":19,"column":null}}},"fnMap":{},"branchMap":{},"s":{"0":1,"1":1,"2":1,"3":1,"4":1,"5":1,"6":1,"7":1,"8":1},"f":{},"b":{}}
,"D:\\WEB DEV\\assignment\\timeoff-service\\src\\common\\filters\\http-exception.filter.ts": {"path":"D:\\WEB DEV\\assignment\\timeoff-service\\src\\common\\filters\\http-exception.filter.ts","statementMap":{"0":{"start":{"line":1,"column":0},"end":{"line":1,"column":106}},"1":{"start":{"line":5,"column":32},"end":{"line":29,"column":null}},"2":{"start":{"line":6,"column":19},"end":{"line":6,"column":65}},"3":{"start":{"line":9,"column":16},"end":{"line":9,"column":35}},"4":{"start":{"line":10,"column":21},"end":{"line":10,"column":48}},"5":{"start":{"line":11,"column":20},"end":{"line":11,"column":45}},"6":{"start":{"line":12,"column":19},"end":{"line":12,"column":40}},"7":{"start":{"line":13,"column":30},"end":{"line":13,"column":53}},"8":{"start":{"line":16,"column":6},"end":{"line":18,"column":56}},"9":{"start":{"line":20,"column":4},"end":{"line":20,"column":92}},"10":{"start":{"line":22,"column":4},"end":{"line":27,"column":7}},"11":{"start":{"line":5,"column":13},"end":{"line":5,"column":32}},"12":{"start":{"line":5,"column":13},"end":{"line":29,"column":null}}},"fnMap":{"0":{"name":"(anonymous_1)","decl":{"start":{"line":5,"column":7},"end":{"line":5,"column":13}},"loc":{"start":{"line":5,"column":7},"end":{"line":29,"column":1}}},"1":{"name":"(anonymous_2)","decl":{"start":{"line":8,"column":2},"end":{"line":8,"column":7}},"loc":{"start":{"line":8,"column":53},"end":{"line":28,"column":3}}}},"branchMap":{"0":{"loc":{"start":{"line":16,"column":6},"end":{"line":18,"column":56}},"type":"cond-expr","locations":[{"start":{"line":17,"column":10},"end":{"line":17,"column":40}},{"start":{"line":18,"column":11},"end":{"line":18,"column":56}}]}},"s":{"0":0,"1":0,"2":0,"3":0,"4":0,"5":0,"6":0,"7":0,"8":0,"9":0,"10":0,"11":0,"12":0},"f":{"0":0,"1":0},"b":{"0":[0,0]}}
,"D:\\WEB DEV\\assignment\\timeoff-service\\src\\common\\guards\\manager.guard.ts": {"path":"D:\\WEB DEV\\assignment\\timeoff-service\\src\\common\\guards\\manager.guard.ts","statementMap":{"0":{"start":{"line":1,"column":0},"end":{"line":1,"column":95}},"1":{"start":{"line":2,"column":0},"end":{"line":2,"column":51}},"2":{"start":{"line":3,"column":0},"end":{"line":3,"column":37}},"3":{"start":{"line":4,"column":0},"end":{"line":4,"column":69}},"4":{"start":{"line":7,"column":7},"end":{"line":30,"column":null}},"5":{"start":{"line":10,"column":21},"end":{"line":10,"column":35}},"6":{"start":{"line":14,"column":20},"end":{"line":14,"column":55}},"7":{"start":{"line":15,"column":22},"end":{"line":15,"column":53}},"8":{"start":{"line":17,"column":4},"end":{"line":19,"column":5}},"9":{"start":{"line":18,"column":6},"end":{"line":18,"column":83}},"10":{"start":{"line":21,"column":20},"end":{"line":21,"column":81}},"11":{"start":{"line":23,"column":4},"end":{"line":25,"column":5}},"12":{"start":{"line":24,"column":6},"end":{"line":24,"column":76}},"13":{"start":{"line":27,"column":4},"end":{"line":27,"column":30}},"14":{"start":{"line":28,"column":4},"end":{"line":28,"column":16}},"15":{"start":{"line":7,"column":13},"end":{"line":7,"column":25}},"16":{"start":{"line":7,"column":13},"end":{"line":30,"column":null}}},"fnMap":{"0":{"name":"(anonymous_4)","decl":{"start":{"line":8,"column":2},"end":{"line":8,"column":null}},"loc":{"start":{"line":10,"column":55},"end":{"line":11,"column":6}}},"1":{"name":"(anonymous_5)","decl":{"start":{"line":13,"column":2},"end":{"line":13,"column":7}},"loc":{"start":{"line":13,"column":45},"end":{"line":29,"column":3}}}},"branchMap":{"0":{"loc":{"start":{"line":17,"column":4},"end":{"line":19,"column":5}},"type":"if","locations":[{"start":{"line":17,"column":4},"end":{"line":19,"column":5}},{"start":{},"end":{}}]},"1":{"loc":{"start":{"line":23,"column":4},"end":{"line":25,"column":5}},"type":"if","locations":[{"start":{"line":23,"column":4},"end":{"line":25,"column":5}},{"start":{},"end":{}}]},"2":{"loc":{"start":{"line":23,"column":8},"end":{"line":23,"column":57}},"type":"binary-expr","locations":[{"start":{"line":23,"column":8},"end":{"line":23,"column":16}},{"start":{"line":23,"column":20},"end":{"line":23,"column":57}}]}},"s":{"0":0,"1":0,"2":0,"3":0,"4":0,"5":0,"6":0,"7":0,"8":0,"9":0,"10":0,"11":0,"12":0,"13":0,"14":0,"15":0,"16":0},"f":{"0":0,"1":0},"b":{"0":[0,0],"1":[0,0],"2":[0,0]}}
,"D:\\WEB DEV\\assignment\\timeoff-service\\src\\common\\interceptors\\idempotency.interceptor.ts": {"path":"D:\\WEB DEV\\assignment\\timeoff-service\\src\\common\\interceptors\\idempotency.interceptor.ts","statementMap":{"0":{"start":{"line":1,"column":0},"end":{"line":1,"column":null}},"1":{"start":{"line":9,"column":0},"end":{"line":9,"column":39}},"2":{"start":{"line":10,"column":0},"end":{"line":10,"column":51}},"3":{"start":{"line":11,"column":0},"end":{"line":11,"column":37}},"4":{"start":{"line":12,"column":0},"end":{"line":12,"column":81}},"5":{"start":{"line":15,"column":35},"end":{"line":47,"column":null}},"6":{"start":{"line":20,"column":21},"end":{"line":20,"column":34}},"7":{"start":{"line":16,"column":19},"end":{"line":16,"column":68}},"8":{"start":{"line":24,"column":20},"end":{"line":24,"column":55}},"9":{"start":{"line":25,"column":27},"end":{"line":25,"column":63}},"10":{"start":{"line":27,"column":4},"end":{"line":29,"column":5}},"11":{"start":{"line":28,"column":6},"end":{"line":28,"column":27}},"12":{"start":{"line":31,"column":21},"end":{"line":31,"column":82}},"13":{"start":{"line":32,"column":4},"end":{"line":39,"column":5}},"14":{"start":{"line":33,"column":6},"end":{"line":33,"column":71}},"15":{"start":{"line":34,"column":6},"end":{"line":38,"column":9}},"16":{"start":{"line":41,"column":4},"end":{"line":45,"column":6}},"17":{"start":{"line":43,"column":8},"end":{"line":43,"column":74}},"18":{"start":{"line":15,"column":13},"end":{"line":15,"column":35}},"19":{"start":{"line":15,"column":13},"end":{"line":47,"column":null}}},"fnMap":{"0":{"name":"(anonymous_4)","decl":{"start":{"line":18,"column":2},"end":{"line":18,"column":null}},"loc":{"start":{"line":20,"column":60},"end":{"line":21,"column":6}}},"1":{"name":"(anonymous_5)","decl":{"start":{"line":23,"column":2},"end":{"line":23,"column":7}},"loc":{"start":{"line":23,"column":62},"end":{"line":46,"column":3}}},"2":{"name":"(anonymous_6)","decl":{"start":{"line":42,"column":10},"end":{"line":42,"column":13}},"loc":{"start":{"line":42,"column":15},"end":{"line":44,"column":7}}}},"branchMap":{"0":{"loc":{"start":{"line":27,"column":4},"end":{"line":29,"column":5}},"type":"if","locations":[{"start":{"line":27,"column":4},"end":{"line":29,"column":5}},{"start":{},"end":{}}]},"1":{"loc":{"start":{"line":32,"column":4},"end":{"line":39,"column":5}},"type":"if","locations":[{"start":{"line":32,"column":4},"end":{"line":39,"column":5}},{"start":{},"end":{}}]}},"s":{"0":0,"1":0,"2":0,"3":0,"4":0,"5":0,"6":0,"7":0,"8":0,"9":0,"10":0,"11":0,"12":0,"13":0,"14":0,"15":0,"16":0,"17":0,"18":0,"19":0},"f":{"0":0,"1":0,"2":0},"b":{"0":[0,0],"1":[0,0]}}
,"D:\\WEB DEV\\assignment\\timeoff-service\\src\\hcm-sync\\hcm-sync.controller.ts": {"path":"D:\\WEB DEV\\assignment\\timeoff-service\\src\\hcm-sync\\hcm-sync.controller.ts","statementMap":{"0":{"start":{"line":1,"column":0},"end":{"line":1,"column":83}},"1":{"start":{"line":2,"column":0},"end":{"line":2,"column":83}},"2":{"start":{"line":5,"column":7},"end":{"line":18,"column":null}},"3":{"start":{"line":6,"column":31},"end":{"line":6,"column":49}},"4":{"start":{"line":11,"column":4},"end":{"line":11,"column":55}},"5":{"start":{"line":16,"column":4},"end":{"line":16,"column":49}},"6":{"start":{"line":5,"column":13},"end":{"line":5,"column":30}},"7":{"start":{"line":10,"column":8},"end":{"line":12,"column":null}},"8":{"start":{"line":15,"column":8},"end":{"line":17,"column":null}},"9":{"start":{"line":5,"column":13},"end":{"line":18,"column":null}}},"fnMap":{"0":{"name":"(anonymous_4)","decl":{"start":{"line":6,"column":2},"end":{"line":6,"column":31}},"loc":{"start":{"line":6,"column":65},"end":{"line":6,"column":69}}},"1":{"name":"(anonymous_5)","decl":{"start":{"line":10,"column":8},"end":{"line":10,"column":20}},"loc":{"start":{"line":10,"column":54},"end":{"line":12,"column":3}}},"2":{"name":"(anonymous_6)","decl":{"start":{"line":15,"column":8},"end":{"line":15,"column":17}},"loc":{"start":{"line":15,"column":17},"end":{"line":17,"column":3}}}},"branchMap":{},"s":{"0":0,"1":0,"2":0,"3":0,"4":0,"5":0,"6":0,"7":0,"8":0,"9":0},"f":{"0":0,"1":0,"2":0},"b":{}}
,"D:\\WEB DEV\\assignment\\timeoff-service\\src\\hcm-sync\\hcm-sync.module.ts": {"path":"D:\\WEB DEV\\assignment\\timeoff-service\\src\\hcm-sync\\hcm-sync.module.ts","statementMap":{"0":{"start":{"line":1,"column":0},"end":{"line":1,"column":40}},"1":{"start":{"line":2,"column":0},"end":{"line":2,"column":48}},"2":{"start":{"line":3,"column":0},"end":{"line":3,"column":61}},"3":{"start":{"line":4,"column":0},"end":{"line":4,"column":57}},"4":{"start":{"line":5,"column":0},"end":{"line":5,"column":65}},"5":{"start":{"line":6,"column":0},"end":{"line":6,"column":65}},"6":{"start":{"line":7,"column":0},"end":{"line":7,"column":71}},"7":{"start":{"line":8,"column":0},"end":{"line":8,"column":73}},"8":{"start":{"line":9,"column":0},"end":{"line":9,"column":58}},"9":{"start":{"line":10,"column":0},"end":{"line":10,"column":78}},"10":{"start":{"line":11,"column":0},"end":{"line":11,"column":78}},"11":{"start":{"line":12,"column":0},"end":{"line":12,"column":63}},"12":{"start":{"line":30,"column":7},"end":{"line":30,"column":null}},"13":{"start":{"line":30,"column":13},"end":{"line":30,"column":26}},"14":{"start":{"line":30,"column":13},"end":{"line":30,"column":null}}},"fnMap":{},"branchMap":{},"s":{"0":0,"1":0,"2":0,"3":0,"4":0,"5":0,"6":0,"7":0,"8":0,"9":0,"10":0,"11":0,"12":0,"13":0,"14":0},"f":{},"b":{}}
,"D:\\WEB DEV\\assignment\\timeoff-service\\src\\hcm-sync\\entities\\outbox-event.entity.ts": {"path":"D:\\WEB DEV\\assignment\\timeoff-service\\src\\hcm-sync\\entities\\outbox-event.entity.ts","statementMap":{"0":{"start":{"line":1,"column":0},"end":{"line":1,"column":83}},"1":{"start":{"line":3,"column":0},"end":{"line":3,"column":null}},"2":{"start":{"line":4,"column":2},"end":{"line":4,"column":null}},"3":{"start":{"line":5,"column":2},"end":{"line":5,"column":null}},"4":{"start":{"line":6,"column":2},"end":{"line":6,"column":null}},"5":{"start":{"line":7,"column":2},"end":{"line":7,"column":null}},"6":{"start":{"line":11,"column":7},"end":{"line":38,"column":null}},"7":{"start":{"line":11,"column":13},"end":{"line":11,"column":24}},"8":{"start":{"line":13,"column":2},"end":{"line":13,"column":null}},"9":{"start":{"line":16,"column":2},"end":{"line":16,"column":null}},"10":{"start":{"line":19,"column":2},"end":{"line":19,"column":null}},"11":{"start":{"line":22,"column":2},"end":{"line":22,"column":null}},"12":{"start":{"line":25,"column":2},"end":{"line":25,"column":null}},"13":{"start":{"line":28,"column":2},"end":{"line":28,"column":null}},"14":{"start":{"line":31,"column":2},"end":{"line":31,"column":null}},"15":{"start":{"line":34,"column":2},"end":{"line":34,"column":null}},"16":{"start":{"line":37,"column":2},"end":{"line":37,"column":null}},"17":{"start":{"line":11,"column":13},"end":{"line":38,"column":null}}},"fnMap":{"0":{"name":"(anonymous_2)","decl":{"start":{"line":3,"column":0},"end":{"line":3,"column":12}},"loc":{"start":{"line":3,"column":24},"end":{"line":8,"column":1}}}},"branchMap":{"0":{"loc":{"start":{"line":3,"column":12},"end":{"line":3,"column":null}},"type":"binary-expr","locations":[{"start":{"line":3,"column":12},"end":{"line":3,"column":24}},{"start":{"line":3,"column":24},"end":{"line":3,"column":null}}]}},"s":{"0":2,"1":2,"2":2,"3":2,"4":2,"5":2,"6":2,"7":2,"8":2,"9":2,"10":2,"11":2,"12":2,"13":2,"14":2,"15":2,"16":2,"17":2},"f":{"0":2},"b":{"0":[2,2]}}
,"D:\\WEB DEV\\assignment\\timeoff-service\\src\\hcm-sync\\entities\\sync-event.entity.ts": {"path":"D:\\WEB DEV\\assignment\\timeoff-service\\src\\hcm-sync\\entities\\sync-event.entity.ts","statementMap":{"0":{"start":{"line":1,"column":0},"end":{"line":1,"column":83}},"1":{"start":{"line":3,"column":0},"end":{"line":3,"column":null}},"2":{"start":{"line":4,"column":2},"end":{"line":4,"column":null}},"3":{"start":{"line":5,"column":2},"end":{"line":5,"column":null}},"4":{"start":{"line":6,"column":2},"end":{"line":6,"column":null}},"5":{"start":{"line":7,"column":2},"end":{"line":7,"column":null}},"6":{"start":{"line":8,"column":2},"end":{"line":8,"column":null}},"7":{"start":{"line":9,"column":2},"end":{"line":9,"column":null}},"8":{"start":{"line":12,"column":0},"end":{"line":12,"column":null}},"9":{"start":{"line":13,"column":2},"end":{"line":13,"column":null}},"10":{"start":{"line":14,"column":2},"end":{"line":14,"column":null}},"11":{"start":{"line":15,"column":2},"end":{"line":15,"column":null}},"12":{"start":{"line":19,"column":7},"end":{"line":52,"column":null}},"13":{"start":{"line":19,"column":13},"end":{"line":19,"column":22}},"14":{"start":{"line":21,"column":2},"end":{"line":21,"column":null}},"15":{"start":{"line":24,"column":2},"end":{"line":24,"column":null}},"16":{"start":{"line":27,"column":2},"end":{"line":27,"column":null}},"17":{"start":{"line":30,"column":2},"end":{"line":30,"column":null}},"18":{"start":{"line":33,"column":2},"end":{"line":33,"column":null}},"19":{"start":{"line":36,"column":2},"end":{"line":36,"column":null}},"20":{"start":{"line":39,"column":2},"end":{"line":39,"column":null}},"21":{"start":{"line":42,"column":2},"end":{"line":42,"column":null}},"22":{"start":{"line":45,"column":2},"end":{"line":45,"column":null}},"23":{"start":{"line":48,"column":2},"end":{"line":48,"column":null}},"24":{"start":{"line":51,"column":2},"end":{"line":51,"column":null}},"25":{"start":{"line":19,"column":13},"end":{"line":52,"column":null}}},"fnMap":{"0":{"name":"(anonymous_2)","decl":{"start":{"line":3,"column":0},"end":{"line":3,"column":12}},"loc":{"start":{"line":3,"column":25},"end":{"line":10,"column":1}}},"1":{"name":"(anonymous_3)","decl":{"start":{"line":12,"column":0},"end":{"line":12,"column":12}},"loc":{"start":{"line":12,"column":27},"end":{"line":16,"column":1}}}},"branchMap":{"0":{"loc":{"start":{"line":3,"column":12},"end":{"line":3,"column":null}},"type":"binary-expr","locations":[{"start":{"line":3,"column":12},"end":{"line":3,"column":25}},{"start":{"line":3,"column":25},"end":{"line":3,"column":null}}]},"1":{"loc":{"start":{"line":12,"column":12},"end":{"line":12,"column":null}},"type":"binary-expr","locations":[{"start":{"line":12,"column":12},"end":{"line":12,"column":27}},{"start":{"line":12,"column":27},"end":{"line":12,"column":null}}]}},"s":{"0":1,"1":1,"2":1,"3":1,"4":1,"5":1,"6":1,"7":1,"8":1,"9":1,"10":1,"11":1,"12":1,"13":1,"14":1,"15":1,"16":1,"17":1,"18":1,"19":1,"20":1,"21":1,"22":1,"23":1,"24":1,"25":1},"f":{"0":1,"1":1},"b":{"0":[1,1],"1":[1,1]}}
,"D:\\WEB DEV\\assignment\\timeoff-service\\src\\hcm-sync\\interfaces\\hcm-client.interface.ts": {"path":"D:\\WEB DEV\\assignment\\timeoff-service\\src\\hcm-sync\\interfaces\\hcm-client.interface.ts","statementMap":{"0":{"start":{"line":20,"column":13},"end":{"line":20,"column":39}}},"fnMap":{},"branchMap":{},"s":{"0":2},"f":{},"b":{}}
,"D:\\WEB DEV\\assignment\\timeoff-service\\src\\hcm-sync\\services\\batch-sync.service.ts": {"path":"D:\\WEB DEV\\assignment\\timeoff-service\\src\\hcm-sync\\services\\batch-sync.service.ts","statementMap":{"0":{"start":{"line":1,"column":0},"end":{"line":1,"column":73}},"1":{"start":{"line":2,"column":0},"end":{"line":2,"column":51}},"2":{"start":{"line":3,"column":0},"end":{"line":3,"column":37}},"3":{"start":{"line":4,"column":0},"end":{"line":4,"column":81}},"4":{"start":{"line":5,"column":0},"end":{"line":5,"column":109}},"5":{"start":{"line":6,"column":0},"end":{"line":6,"column":90}},"6":{"start":{"line":7,"column":0},"end":{"line":7,"column":33}},"7":{"start":{"line":33,"column":29},"end":{"line":216,"column":null}},"8":{"start":{"line":39,"column":21},"end":{"line":39,"column":34}},"9":{"start":{"line":41,"column":21},"end":{"line":41,"column":34}},"10":{"start":{"line":43,"column":21},"end":{"line":43,"column":36}},"11":{"start":{"line":34,"column":19},"end":{"line":34,"column":62}},"12":{"start":{"line":35,"column":19},"end":{"line":35,"column":61}},"13":{"start":{"line":47,"column":22},"end":{"line":47,"column":32}},"14":{"start":{"line":49,"column":24},"end":{"line":49,"column":53}},"15":{"start":{"line":50,"column":4},"end":{"line":52,"column":5}},"16":{"start":{"line":51,"column":6},"end":{"line":51,"column":106}},"17":{"start":{"line":54,"column":4},"end":{"line":54,"column":103}},"18":{"start":{"line":56,"column":18},"end":{"line":56,"column":19}},"19":{"start":{"line":57,"column":27},"end":{"line":57,"column":28}},"20":{"start":{"line":58,"column":29},"end":{"line":58,"column":31}},"21":{"start":{"line":60,"column":4},"end":{"line":70,"column":5}},"22":{"start":{"line":61,"column":6},"end":{"line":69,"column":7}},"23":{"start":{"line":62,"column":23},"end":{"line":62,"column":57}},"24":{"start":{"line":63,"column":8},"end":{"line":63,"column":38}},"25":{"start":{"line":63,"column":28},"end":{"line":63,"column":38}},"26":{"start":{"line":64,"column":8},"end":{"line":64,"column":47}},"27":{"start":{"line":64,"column":28},"end":{"line":64,"column":47}},"28":{"start":{"line":66,"column":20},"end":{"line":66,"column":122}},"29":{"start":{"line":67,"column":8},"end":{"line":67,"column":31}},"30":{"start":{"line":68,"column":8},"end":{"line":68,"column":25}},"31":{"start":{"line":72,"column":21},"end":{"line":72,"column":71}},"32":{"start":{"line":74,"column":4},"end":{"line":82,"column":6}},"33":{"start":{"line":84,"column":4},"end":{"line":84,"column":135}},"34":{"start":{"line":86,"column":4},"end":{"line":93,"column":6}},"35":{"start":{"line":97,"column":18},"end":{"line":99,"column":6}},"36":{"start":{"line":101,"column":25},"end":{"line":101,"column":57}},"37":{"start":{"line":102,"column":24},"end":{"line":105,"column":20}},"38":{"start":{"line":107,"column":18},"end":{"line":107,"column":23}},"39":{"start":{"line":108,"column":18},"end":{"line":108,"column":23}},"40":{"start":{"line":110,"column":4},"end":{"line":124,"column":5}},"41":{"start":{"line":111,"column":6},"end":{"line":121,"column":9}},"42":{"start":{"line":122,"column":6},"end":{"line":122,"column":43}},"43":{"start":{"line":123,"column":6},"end":{"line":123,"column":47}},"44":{"start":{"line":126,"column":4},"end":{"line":154,"column":5}},"45":{"start":{"line":127,"column":6},"end":{"line":130,"column":8}},"46":{"start":{"line":133,"column":28},"end":{"line":133,"column":45}},"47":{"start":{"line":134,"column":6},"end":{"line":134,"column":42}},"48":{"start":{"line":135,"column":6},"end":{"line":135,"column":40}},"49":{"start":{"line":136,"column":6},"end":{"line":136,"column":65}},"50":{"start":{"line":137,"column":6},"end":{"line":137,"column":40}},"51":{"start":{"line":138,"column":6},"end":{"line":138,"column":40}},"52":{"start":{"line":139,"column":6},"end":{"line":139,"column":43}},"53":{"start":{"line":140,"column":6},"end":{"line":140,"column":21}},"54":{"start":{"line":142,"column":6},"end":{"line":153,"column":8}},"55":{"start":{"line":157,"column":4},"end":{"line":189,"column":5}},"56":{"start":{"line":158,"column":6},"end":{"line":161,"column":8}},"57":{"start":{"line":164,"column":6},"end":{"line":172,"column":8}},"58":{"start":{"line":174,"column":6},"end":{"line":186,"column":8}},"59":{"start":{"line":188,"column":6},"end":{"line":188,"column":21}},"60":{"start":{"line":191,"column":4},"end":{"line":191,"column":32}},"61":{"start":{"line":195,"column":27},"end":{"line":198,"column":6}},"62":{"start":{"line":200,"column":30},"end":{"line":203,"column":6}},"63":{"start":{"line":205,"column":26},"end":{"line":205,"column":131}},"64":{"start":{"line":206,"column":28},"end":{"line":206,"column":108}},"65":{"start":{"line":208,"column":4},"end":{"line":214,"column":6}},"66":{"start":{"line":33,"column":13},"end":{"line":33,"column":29}},"67":{"start":{"line":33,"column":13},"end":{"line":216,"column":null}}},"fnMap":{"0":{"name":"(anonymous_13)","decl":{"start":{"line":37,"column":2},"end":{"line":37,"column":null}},"loc":{"start":{"line":43,"column":57},"end":{"line":44,"column":6}}},"1":{"name":"(anonymous_14)","decl":{"start":{"line":46,"column":2},"end":{"line":46,"column":7}},"loc":{"start":{"line":46,"column":46},"end":{"line":94,"column":3}}},"2":{"name":"(anonymous_15)","decl":{"start":{"line":96,"column":10},"end":{"line":96,"column":15}},"loc":{"start":{"line":96,"column":57},"end":{"line":192,"column":3}}},"3":{"name":"(anonymous_16)","decl":{"start":{"line":194,"column":2},"end":{"line":194,"column":7}},"loc":{"start":{"line":194,"column":21},"end":{"line":215,"column":3}}}},"branchMap":{"0":{"loc":{"start":{"line":50,"column":4},"end":{"line":52,"column":5}},"type":"if","locations":[{"start":{"line":50,"column":4},"end":{"line":52,"column":5}},{"start":{},"end":{}}]},"1":{"loc":{"start":{"line":50,"column":8},"end":{"line":50,"column":106}},"type":"binary-expr","locations":[{"start":{"line":50,"column":8},"end":{"line":50,"column":36}},{"start":{"line":50,"column":40},"end":{"line":50,"column":106}}]},"2":{"loc":{"start":{"line":63,"column":8},"end":{"line":63,"column":38}},"type":"if","locations":[{"start":{"line":63,"column":8},"end":{"line":63,"column":38}},{"start":{},"end":{}}]},"3":{"loc":{"start":{"line":64,"column":8},"end":{"line":64,"column":47}},"type":"if","locations":[{"start":{"line":64,"column":8},"end":{"line":64,"column":47}},{"start":{},"end":{}}]},"4":{"loc":{"start":{"line":78,"column":16},"end":{"line":78,"column":87}},"type":"cond-expr","locations":[{"start":{"line":78,"column":38},"end":{"line":78,"column":61}},{"start":{"line":78,"column":64},"end":{"line":78,"column":87}}]},"5":{"loc":{"start":{"line":79,"column":22},"end":{"line":79,"column":83}},"type":"cond-expr","locations":[{"start":{"line":79,"column":42},"end":{"line":79,"column":71}},{"start":{"line":79,"column":74},"end":{"line":79,"column":83}}]},"6":{"loc":{"start":{"line":110,"column":4},"end":{"line":124,"column":5}},"type":"if","locations":[{"start":{"line":110,"column":4},"end":{"line":124,"column":5}},{"start":{},"end":{}}]},"7":{"loc":{"start":{"line":126,"column":4},"end":{"line":154,"column":5}},"type":"if","locations":[{"start":{"line":126,"column":4},"end":{"line":154,"column":5}},{"start":{},"end":{}}]},"8":{"loc":{"start":{"line":157,"column":4},"end":{"line":189,"column":5}},"type":"if","locations":[{"start":{"line":157,"column":4},"end":{"line":189,"column":5}},{"start":{},"end":{}}]},"9":{"loc":{"start":{"line":209,"column":21},"end":{"line":209,"column":56}},"type":"binary-expr","locations":[{"start":{"line":209,"column":21},"end":{"line":209,"column":48}},{"start":{"line":209,"column":52},"end":{"line":209,"column":56}}]},"10":{"loc":{"start":{"line":210,"column":24},"end":{"line":210,"column":62}},"type":"binary-expr","locations":[{"start":{"line":210,"column":24},"end":{"line":210,"column":54}},{"start":{"line":210,"column":58},"end":{"line":210,"column":62}}]}},"s":{"0":1,"1":1,"2":1,"3":1,"4":1,"5":1,"6":1,"7":1,"8":6,"9":6,"10":6,"11":6,"12":6,"13":6,"14":6,"15":6,"16":1,"17":5,"18":5,"19":5,"20":5,"21":5,"22":6,"23":6,"24":5,"25":4,"26":5,"27":1,"28":1,"29":1,"30":1,"31":5,"32":5,"33":5,"34":5,"35":6,"36":5,"37":5,"38":5,"39":5,"40":5,"41":2,"42":2,"43":2,"44":3,"45":2,"46":2,"47":2,"48":2,"49":2,"50":2,"51":2,"52":2,"53":2,"54":2,"55":3,"56":1,"57":1,"58":1,"59":1,"60":3,"61":0,"62":0,"63":0,"64":0,"65":0,"66":1,"67":1},"f":{"0":6,"1":6,"2":6,"3":0},"b":{"0":[1,5],"1":[6,6],"2":[4,1],"3":[1,4],"4":[4,1],"5":[1,4],"6":[2,3],"7":[2,1],"8":[1,2],"9":[0,0],"10":[0,0]}}
,"D:\\WEB DEV\\assignment\\timeoff-service\\src\\hcm-sync\\services\\hcm-client.service.ts": {"path":"D:\\WEB DEV\\assignment\\timeoff-service\\src\\hcm-sync\\services\\hcm-client.service.ts","statementMap":{"0":{"start":{"line":1,"column":0},"end":{"line":1,"column":81}},"1":{"start":{"line":5,"column":21},"end":{"line":5,"column":81}},"2":{"start":{"line":6,"column":20},"end":{"line":6,"column":21}},"3":{"start":{"line":7,"column":22},"end":{"line":7,"column":26}},"4":{"start":{"line":10,"column":29},"end":{"line":85,"column":null}},"5":{"start":{"line":11,"column":19},"end":{"line":11,"column":62}},"6":{"start":{"line":14,"column":16},"end":{"line":14,"column":78}},"7":{"start":{"line":15,"column":4},"end":{"line":18,"column":6}},"8":{"start":{"line":16,"column":12},"end":{"line":16,"column":50}},"9":{"start":{"line":28,"column":16},"end":{"line":28,"column":78}},"10":{"start":{"line":29,"column":4},"end":{"line":32,"column":6}},"11":{"start":{"line":30,"column":12},"end":{"line":30,"column":107}},"12":{"start":{"line":36,"column":34},"end":{"line":36,"column":38}},"13":{"start":{"line":38,"column":4},"end":{"line":51,"column":5}},"14":{"start":{"line":38,"column":23},"end":{"line":38,"column":24}},"15":{"start":{"line":39,"column":6},"end":{"line":50,"column":7}},"16":{"start":{"line":40,"column":8},"end":{"line":40,"column":26}},"17":{"start":{"line":42,"column":8},"end":{"line":42,"column":33}},"18":{"start":{"line":43,"column":28},"end":{"line":43,"column":54}},"19":{"start":{"line":44,"column":8},"end":{"line":44,"column":106}},"20":{"start":{"line":46,"column":8},"end":{"line":46,"column":59}},"21":{"start":{"line":46,"column":53},"end":{"line":46,"column":59}},"22":{"start":{"line":48,"column":22},"end":{"line":48,"column":62}},"23":{"start":{"line":49,"column":8},"end":{"line":49,"column":55}},"24":{"start":{"line":49,"column":33},"end":{"line":49,"column":53}},"25":{"start":{"line":53,"column":4},"end":{"line":56,"column":7}},"26":{"start":{"line":60,"column":20},"end":{"line":60,"column":55}},"27":{"start":{"line":61,"column":4},"end":{"line":61,"column":36}},"28":{"start":{"line":70,"column":21},"end":{"line":74,"column":6}},"29":{"start":{"line":76,"column":4},"end":{"line":81,"column":5}},"30":{"start":{"line":77,"column":24},"end":{"line":77,"column":90}},"31":{"start":{"line":77,"column":59},"end":{"line":77,"column":61}},"32":{"start":{"line":78,"column":18},"end":{"line":78,"column":113}},"33":{"start":{"line":79,"column":6},"end":{"line":79,"column":35}},"34":{"start":{"line":80,"column":6},"end":{"line":80,"column":16}},"35":{"start":{"line":83,"column":4},"end":{"line":83,"column":41}},"36":{"start":{"line":10,"column":13},"end":{"line":10,"column":29}},"37":{"start":{"line":10,"column":13},"end":{"line":85,"column":null}}},"fnMap":{"0":{"name":"(anonymous_1)","decl":{"start":{"line":10,"column":7},"end":{"line":10,"column":13}},"loc":{"start":{"line":10,"column":7},"end":{"line":85,"column":1}}},"1":{"name":"(anonymous_2)","decl":{"start":{"line":13,"column":2},"end":{"line":13,"column":7}},"loc":{"start":{"line":13,"column":76},"end":{"line":19,"column":3}}},"2":{"name":"(anonymous_3)","decl":{"start":{"line":16,"column":6},"end":{"line":16,"column":9}},"loc":{"start":{"line":16,"column":12},"end":{"line":16,"column":50}}},"3":{"name":"(anonymous_4)","decl":{"start":{"line":21,"column":2},"end":{"line":21,"column":7}},"loc":{"start":{"line":26,"column":26},"end":{"line":33,"column":3}}},"4":{"name":"(anonymous_5)","decl":{"start":{"line":30,"column":6},"end":{"line":30,"column":9}},"loc":{"start":{"line":30,"column":12},"end":{"line":30,"column":107}}},"5":{"name":"(anonymous_6)","decl":{"start":{"line":35,"column":10},"end":{"line":35,"column":15}},"loc":{"start":{"line":35,"column":64},"end":{"line":57,"column":3}}},"6":{"name":"(anonymous_7)","decl":{"start":{"line":49,"column":26},"end":{"line":49,"column":27}},"loc":{"start":{"line":49,"column":33},"end":{"line":49,"column":53}}},"7":{"name":"(anonymous_8)","decl":{"start":{"line":59,"column":10},"end":{"line":59,"column":26}},"loc":{"start":{"line":59,"column":39},"end":{"line":62,"column":3}}},"8":{"name":"(anonymous_9)","decl":{"start":{"line":64,"column":10},"end":{"line":64,"column":15}},"loc":{"start":{"line":68,"column":36},"end":{"line":84,"column":3}}},"9":{"name":"(anonymous_10)","decl":{"start":{"line":77,"column":52},"end":{"line":77,"column":55}},"loc":{"start":{"line":77,"column":59},"end":{"line":77,"column":61}}}},"branchMap":{"0":{"loc":{"start":{"line":5,"column":21},"end":{"line":5,"column":81}},"type":"binary-expr","locations":[{"start":{"line":5,"column":21},"end":{"line":5,"column":45}},{"start":{"line":5,"column":49},"end":{"line":5,"column":81}}]},"1":{"loc":{"start":{"line":46,"column":8},"end":{"line":46,"column":59}},"type":"if","locations":[{"start":{"line":46,"column":8},"end":{"line":46,"column":59}},{"start":{},"end":{}}]},"2":{"loc":{"start":{"line":46,"column":12},"end":{"line":46,"column":51}},"type":"binary-expr","locations":[{"start":{"line":46,"column":12},"end":{"line":46,"column":24}},{"start":{"line":46,"column":28},"end":{"line":46,"column":51}}]},"3":{"loc":{"start":{"line":61,"column":11},"end":{"line":61,"column":35}},"type":"binary-expr","locations":[{"start":{"line":61,"column":11},"end":{"line":61,"column":18}},{"start":{"line":61,"column":22},"end":{"line":61,"column":35}}]},"4":{"loc":{"start":{"line":73,"column":12},"end":{"line":73,"column":51}},"type":"cond-expr","locations":[{"start":{"line":73,"column":19},"end":{"line":73,"column":39}},{"start":{"line":73,"column":42},"end":{"line":73,"column":51}}]},"5":{"loc":{"start":{"line":76,"column":4},"end":{"line":81,"column":5}},"type":"if","locations":[{"start":{"line":76,"column":4},"end":{"line":81,"column":5}},{"start":{},"end":{}}]}},"s":{"0":0,"1":0,"2":0,"3":0,"4":0,"5":0,"6":0,"7":0,"8":0,"9":0,"10":0,"11":0,"12":0,"13":0,"14":0,"15":0,"16":0,"17":0,"18":0,"19":0,"20":0,"21":0,"22":0,"23":0,"24":0,"25":0,"26":0,"27":0,"28":0,"29":0,"30":0,"31":0,"32":0,"33":0,"34":0,"35":0,"36":0,"37":0},"f":{"0":0,"1":0,"2":0,"3":0,"4":0,"5":0,"6":0,"7":0,"8":0,"9":0},"b":{"0":[0,0],"1":[0,0],"2":[0,0],"3":[0,0],"4":[0,0],"5":[0,0]}}
,"D:\\WEB DEV\\assignment\\timeoff-service\\src\\hcm-sync\\services\\outbox-worker.service.ts": {"path":"D:\\WEB DEV\\assignment\\timeoff-service\\src\\hcm-sync\\services\\outbox-worker.service.ts","statementMap":{"0":{"start":{"line":1,"column":0},"end":{"line":1,"column":60}},"1":{"start":{"line":2,"column":0},"end":{"line":2,"column":51}},"2":{"start":{"line":3,"column":0},"end":{"line":3,"column":47}},"3":{"start":{"line":4,"column":0},"end":{"line":4,"column":56}},"4":{"start":{"line":5,"column":0},"end":{"line":5,"column":76}},"5":{"start":{"line":6,"column":0},"end":{"line":6,"column":96}},"6":{"start":{"line":7,"column":0},"end":{"line":7,"column":81}},"7":{"start":{"line":8,"column":0},"end":{"line":8,"column":76}},"8":{"start":{"line":11,"column":20},"end":{"line":11,"column":21}},"9":{"start":{"line":14,"column":32},"end":{"line":142,"column":null}},"10":{"start":{"line":20,"column":21},"end":{"line":20,"column":33}},"11":{"start":{"line":22,"column":21},"end":{"line":22,"column":34}},"12":{"start":{"line":24,"column":21},"end":{"line":24,"column":34}},"13":{"start":{"line":26,"column":21},"end":{"line":26,"column":42}},"14":{"start":{"line":15,"column":19},"end":{"line":15,"column":65}},"15":{"start":{"line":16,"column":10},"end":{"line":16,"column":28}},"16":{"start":{"line":31,"column":4},"end":{"line":31,"column":31}},"17":{"start":{"line":31,"column":24},"end":{"line":31,"column":31}},"18":{"start":{"line":32,"column":4},"end":{"line":32,"column":26}},"19":{"start":{"line":34,"column":4},"end":{"line":50,"column":5}},"20":{"start":{"line":35,"column":22},"end":{"line":39,"column":8}},"21":{"start":{"line":41,"column":6},"end":{"line":43,"column":7}},"22":{"start":{"line":42,"column":8},"end":{"line":42,"column":72}},"23":{"start":{"line":45,"column":6},"end":{"line":47,"column":7}},"24":{"start":{"line":46,"column":8},"end":{"line":46,"column":39}},"25":{"start":{"line":49,"column":6},"end":{"line":49,"column":29}},"26":{"start":{"line":54,"column":4},"end":{"line":58,"column":5}},"27":{"start":{"line":55,"column":6},"end":{"line":55,"column":78}},"28":{"start":{"line":56,"column":6},"end":{"line":56,"column":88}},"29":{"start":{"line":57,"column":6},"end":{"line":57,"column":13}},"30":{"start":{"line":60,"column":4},"end":{"line":63,"column":7}},"31":{"start":{"line":65,"column":20},"end":{"line":65,"column":null}},"32":{"start":{"line":73,"column":4},"end":{"line":140,"column":5}},"33":{"start":{"line":74,"column":21},"end":{"line":79,"column":null}},"34":{"start":{"line":82,"column":6},"end":{"line":82,"column":76}},"35":{"start":{"line":85,"column":22},"end":{"line":85,"column":90}},"36":{"start":{"line":86,"column":6},"end":{"line":102,"column":7}},"37":{"start":{"line":87,"column":8},"end":{"line":87,"column":45}},"38":{"start":{"line":88,"column":8},"end":{"line":88,"column":39}},"39":{"start":{"line":89,"column":8},"end":{"line":89,"column":45}},"40":{"start":{"line":91,"column":24},"end":{"line":93,"column":10}},"41":{"start":{"line":94,"column":8},"end":{"line":101,"column":9}},"42":{"start":{"line":95,"column":27},"end":{"line":95,"column":50}},"43":{"start":{"line":96,"column":10},"end":{"line":96,"column":76}},"44":{"start":{"line":97,"column":10},"end":{"line":97,"column":39}},"45":{"start":{"line":98,"column":10},"end":{"line":98,"column":80}},"46":{"start":{"line":99,"column":10},"end":{"line":99,"column":44}},"47":{"start":{"line":100,"column":10},"end":{"line":100,"column":47}},"48":{"start":{"line":104,"column":6},"end":{"line":104,"column":73}},"49":{"start":{"line":106,"column":20},"end":{"line":106,"column":54}},"50":{"start":{"line":107,"column":29},"end":{"line":107,"column":100}},"51":{"start":{"line":109,"column":6},"end":{"line":139,"column":7}},"52":{"start":{"line":111,"column":8},"end":{"line":111,"column":80}},"53":{"start":{"line":113,"column":24},"end":{"line":113,"column":92}},"54":{"start":{"line":114,"column":8},"end":{"line":129,"column":9}},"55":{"start":{"line":115,"column":10},"end":{"line":115,"column":55}},"56":{"start":{"line":116,"column":10},"end":{"line":116,"column":81}},"57":{"start":{"line":117,"column":10},"end":{"line":117,"column":47}},"58":{"start":{"line":120,"column":26},"end":{"line":122,"column":12}},"59":{"start":{"line":123,"column":10},"end":{"line":128,"column":11}},"60":{"start":{"line":124,"column":29},"end":{"line":124,"column":52}},"61":{"start":{"line":125,"column":12},"end":{"line":125,"column":78}},"62":{"start":{"line":126,"column":12},"end":{"line":126,"column":95}},"63":{"start":{"line":127,"column":12},"end":{"line":127,"column":49}},"64":{"start":{"line":131,"column":8},"end":{"line":131,"column":109}},"65":{"start":{"line":134,"column":8},"end":{"line":137,"column":11}},"66":{"start":{"line":138,"column":8},"end":{"line":138,"column":116}},"67":{"start":{"line":14,"column":13},"end":{"line":14,"column":32}},"68":{"start":{"line":30,"column":8},"end":{"line":51,"column":null}},"69":{"start":{"line":14,"column":13},"end":{"line":142,"column":null}}},"fnMap":{"0":{"name":"(anonymous_4)","decl":{"start":{"line":18,"column":2},"end":{"line":18,"column":null}},"loc":{"start":{"line":26,"column":42},"end":{"line":27,"column":6}}},"1":{"name":"(anonymous_5)","decl":{"start":{"line":30,"column":8},"end":{"line":30,"column":21}},"loc":{"start":{"line":30,"column":21},"end":{"line":51,"column":3}}},"2":{"name":"(anonymous_6)","decl":{"start":{"line":53,"column":10},"end":{"line":53,"column":15}},"loc":{"start":{"line":53,"column":47},"end":{"line":141,"column":3}}}},"branchMap":{"0":{"loc":{"start":{"line":31,"column":4},"end":{"line":31,"column":31}},"type":"if","locations":[{"start":{"line":31,"column":4},"end":{"line":31,"column":31}},{"start":{},"end":{}}]},"1":{"loc":{"start":{"line":41,"column":6},"end":{"line":43,"column":7}},"type":"if","locations":[{"start":{"line":41,"column":6},"end":{"line":43,"column":7}},{"start":{},"end":{}}]},"2":{"loc":{"start":{"line":54,"column":4},"end":{"line":58,"column":5}},"type":"if","locations":[{"start":{"line":54,"column":4},"end":{"line":58,"column":5}},{"start":{},"end":{}}]},"3":{"loc":{"start":{"line":86,"column":6},"end":{"line":102,"column":7}},"type":"if","locations":[{"start":{"line":86,"column":6},"end":{"line":102,"column":7}},{"start":{},"end":{}}]},"4":{"loc":{"start":{"line":86,"column":10},"end":{"line":86,"column":51}},"type":"binary-expr","locations":[{"start":{"line":86,"column":10},"end":{"line":86,"column":17}},{"start":{"line":86,"column":21},"end":{"line":86,"column":51}}]},"5":{"loc":{"start":{"line":94,"column":8},"end":{"line":101,"column":9}},"type":"if","locations":[{"start":{"line":94,"column":8},"end":{"line":101,"column":9}},{"start":{},"end":{}}]},"6":{"loc":{"start":{"line":107,"column":29},"end":{"line":107,"column":100}},"type":"binary-expr","locations":[{"start":{"line":107,"column":29},"end":{"line":107,"column":55}},{"start":{"line":107,"column":59},"end":{"line":107,"column":78}},{"start":{"line":107,"column":82},"end":{"line":107,"column":100}}]},"7":{"loc":{"start":{"line":109,"column":6},"end":{"line":139,"column":7}},"type":"if","locations":[{"start":{"line":109,"column":6},"end":{"line":139,"column":7}},{"start":{"line":132,"column":13},"end":{"line":139,"column":7}}]},"8":{"loc":{"start":{"line":114,"column":8},"end":{"line":129,"column":9}},"type":"if","locations":[{"start":{"line":114,"column":8},"end":{"line":129,"column":9}},{"start":{},"end":{}}]},"9":{"loc":{"start":{"line":123,"column":10},"end":{"line":128,"column":11}},"type":"if","locations":[{"start":{"line":123,"column":10},"end":{"line":128,"column":11}},{"start":{},"end":{}}]}},"s":{"0":1,"1":1,"2":1,"3":1,"4":1,"5":1,"6":1,"7":1,"8":1,"9":1,"10":5,"11":5,"12":5,"13":5,"14":5,"15":5,"16":6,"17":1,"18":5,"19":5,"20":5,"21":5,"22":4,"23":5,"24":4,"25":5,"26":4,"27":1,"28":1,"29":1,"30":3,"31":3,"32":3,"33":3,"34":1,"35":1,"36":1,"37":1,"38":1,"39":1,"40":1,"41":1,"42":1,"43":1,"44":1,"45":1,"46":1,"47":1,"48":1,"49":2,"50":2,"51":2,"52":1,"53":1,"54":1,"55":1,"56":1,"57":1,"58":1,"59":1,"60":1,"61":1,"62":1,"63":1,"64":1,"65":1,"66":1,"67":1,"68":1,"69":1},"f":{"0":5,"1":6,"2":4},"b":{"0":[1,5],"1":[4,1],"2":[1,3],"3":[1,0],"4":[1,1],"5":[1,0],"6":[2,2,2],"7":[1,1],"8":[1,0],"9":[1,0]}}
,"D:\\WEB DEV\\assignment\\timeoff-service\\src\\hcm-sync\\services\\sync-scheduler.service.ts": {"path":"D:\\WEB DEV\\assignment\\timeoff-service\\src\\hcm-sync\\services\\sync-scheduler.service.ts","statementMap":{"0":{"start":{"line":1,"column":0},"end":{"line":1,"column":60}},"1":{"start":{"line":2,"column":0},"end":{"line":2,"column":40}},"2":{"start":{"line":3,"column":0},"end":{"line":3,"column":51}},"3":{"start":{"line":4,"column":0},"end":{"line":4,"column":42}},"4":{"start":{"line":5,"column":0},"end":{"line":5,"column":96}},"5":{"start":{"line":6,"column":0},"end":{"line":6,"column":81}},"6":{"start":{"line":7,"column":0},"end":{"line":7,"column":90}},"7":{"start":{"line":8,"column":0},"end":{"line":8,"column":76}},"8":{"start":{"line":9,"column":0},"end":{"line":9,"column":33}},"9":{"start":{"line":12,"column":33},"end":{"line":84,"column":null}},"10":{"start":{"line":17,"column":21},"end":{"line":17,"column":34}},"11":{"start":{"line":19,"column":21},"end":{"line":19,"column":34}},"12":{"start":{"line":21,"column":21},"end":{"line":21,"column":36}},"13":{"start":{"line":23,"column":21},"end":{"line":23,"column":42}},"14":{"start":{"line":13,"column":19},"end":{"line":13,"column":66}},"15":{"start":{"line":29,"column":4},"end":{"line":29,"column":84}},"16":{"start":{"line":31,"column":28},"end":{"line":33,"column":6}},"17":{"start":{"line":36,"column":17},"end":{"line":36,"column":34}},"18":{"start":{"line":37,"column":19},"end":{"line":42,"column":6}},"19":{"start":{"line":38,"column":18},"end":{"line":38,"column":61}},"20":{"start":{"line":39,"column":6},"end":{"line":39,"column":38}},"21":{"start":{"line":39,"column":25},"end":{"line":39,"column":38}},"22":{"start":{"line":40,"column":6},"end":{"line":40,"column":20}},"23":{"start":{"line":41,"column":6},"end":{"line":41,"column":18}},"24":{"start":{"line":44,"column":4},"end":{"line":82,"column":5}},"25":{"start":{"line":45,"column":6},"end":{"line":81,"column":7}},"26":{"start":{"line":46,"column":27},"end":{"line":46,"column":100}},"27":{"start":{"line":47,"column":24},"end":{"line":49,"column":10}},"28":{"start":{"line":51,"column":8},"end":{"line":51,"column":31}},"29":{"start":{"line":51,"column":22},"end":{"line":51,"column":31}},"30":{"start":{"line":53,"column":28},"end":{"line":56,"column":24}},"31":{"start":{"line":58,"column":8},"end":{"line":78,"column":9}},"32":{"start":{"line":59,"column":10},"end":{"line":59,"column":51}},"33":{"start":{"line":60,"column":10},"end":{"line":60,"column":81}},"34":{"start":{"line":61,"column":10},"end":{"line":61,"column":44}},"35":{"start":{"line":62,"column":10},"end":{"line":62,"column":44}},"36":{"start":{"line":63,"column":10},"end":{"line":63,"column":47}},"37":{"start":{"line":65,"column":10},"end":{"line":75,"column":12}},"38":{"start":{"line":77,"column":10},"end":{"line":77,"column":95}},"39":{"start":{"line":80,"column":8},"end":{"line":80,"column":117}},"40":{"start":{"line":12,"column":13},"end":{"line":12,"column":33}},"41":{"start":{"line":28,"column":8},"end":{"line":83,"column":null}},"42":{"start":{"line":12,"column":13},"end":{"line":84,"column":null}}},"fnMap":{"0":{"name":"(anonymous_13)","decl":{"start":{"line":15,"column":2},"end":{"line":15,"column":null}},"loc":{"start":{"line":23,"column":42},"end":{"line":24,"column":6}}},"1":{"name":"(anonymous_14)","decl":{"start":{"line":28,"column":8},"end":{"line":28,"column":33}},"loc":{"start":{"line":28,"column":33},"end":{"line":83,"column":3}}},"2":{"name":"(anonymous_15)","decl":{"start":{"line":37,"column":42},"end":{"line":37,"column":43}},"loc":{"start":{"line":37,"column":48},"end":{"line":42,"column":5}}}},"branchMap":{"0":{"loc":{"start":{"line":39,"column":6},"end":{"line":39,"column":38}},"type":"if","locations":[{"start":{"line":39,"column":6},"end":{"line":39,"column":38}},{"start":{},"end":{}}]},"1":{"loc":{"start":{"line":51,"column":8},"end":{"line":51,"column":31}},"type":"if","locations":[{"start":{"line":51,"column":8},"end":{"line":51,"column":31}},{"start":{},"end":{}}]},"2":{"loc":{"start":{"line":58,"column":8},"end":{"line":78,"column":9}},"type":"if","locations":[{"start":{"line":58,"column":8},"end":{"line":78,"column":9}},{"start":{},"end":{}}]}},"s":{"0":0,"1":0,"2":0,"3":0,"4":0,"5":0,"6":0,"7":0,"8":0,"9":0,"10":0,"11":0,"12":0,"13":0,"14":0,"15":0,"16":0,"17":0,"18":0,"19":0,"20":0,"21":0,"22":0,"23":0,"24":0,"25":0,"26":0,"27":0,"28":0,"29":0,"30":0,"31":0,"32":0,"33":0,"34":0,"35":0,"36":0,"37":0,"38":0,"39":0,"40":0,"41":0,"42":0},"f":{"0":0,"1":0,"2":0},"b":{"0":[0,0],"1":[0,0],"2":[0,0]}}
,"D:\\WEB DEV\\assignment\\timeoff-service\\src\\mock-hcm\\mock-hcm.controller.ts": {"path":"D:\\WEB DEV\\assignment\\timeoff-service\\src\\mock-hcm\\mock-hcm.controller.ts","statementMap":{"0":{"start":{"line":1,"column":0},"end":{"line":1,"column":null}},"1":{"start":{"line":11,"column":0},"end":{"line":11,"column":52}},"2":{"start":{"line":15,"column":7},"end":{"line":68,"column":null}},"3":{"start":{"line":16,"column":31},"end":{"line":16,"column":47}},"4":{"start":{"line":24,"column":4},"end":{"line":24,"column":87}},"5":{"start":{"line":35,"column":4},"end":{"line":35,"column":95}},"6":{"start":{"line":35,"column":25},"end":{"line":35,"column":95}},"7":{"start":{"line":36,"column":4},"end":{"line":36,"column":85}},"8":{"start":{"line":36,"column":34},"end":{"line":36,"column":85}},"9":{"start":{"line":37,"column":4},"end":{"line":43,"column":6}},"10":{"start":{"line":48,"column":4},"end":{"line":48,"column":48}},"11":{"start":{"line":53,"column":4},"end":{"line":53,"column":51}},"12":{"start":{"line":58,"column":4},"end":{"line":60,"column":5}},"13":{"start":{"line":59,"column":6},"end":{"line":59,"column":77}},"14":{"start":{"line":61,"column":4},"end":{"line":61,"column":89}},"15":{"start":{"line":66,"column":4},"end":{"line":66,"column":55}},"16":{"start":{"line":15,"column":13},"end":{"line":15,"column":30}},"17":{"start":{"line":19,"column":2},"end":{"line":25,"column":null}},"18":{"start":{"line":28,"column":2},"end":{"line":44,"column":null}},"19":{"start":{"line":47,"column":2},"end":{"line":49,"column":null}},"20":{"start":{"line":52,"column":2},"end":{"line":54,"column":null}},"21":{"start":{"line":57,"column":2},"end":{"line":62,"column":null}},"22":{"start":{"line":65,"column":2},"end":{"line":67,"column":null}},"23":{"start":{"line":15,"column":13},"end":{"line":68,"column":null}}},"fnMap":{"0":{"name":"(anonymous_4)","decl":{"start":{"line":16,"column":2},"end":{"line":16,"column":31}},"loc":{"start":{"line":16,"column":61},"end":{"line":16,"column":65}}},"1":{"name":"(anonymous_5)","decl":{"start":{"line":19,"column":2},"end":{"line":19,"column":12}},"loc":{"start":{"line":22,"column":31},"end":{"line":25,"column":3}}},"2":{"name":"(anonymous_6)","decl":{"start":{"line":28,"column":2},"end":{"line":28,"column":15}},"loc":{"start":{"line":33,"column":56},"end":{"line":44,"column":3}}},"3":{"name":"(anonymous_7)","decl":{"start":{"line":47,"column":2},"end":{"line":47,"column":16}},"loc":{"start":{"line":47,"column":16},"end":{"line":49,"column":3}}},"4":{"name":"(anonymous_8)","decl":{"start":{"line":52,"column":2},"end":{"line":52,"column":17}},"loc":{"start":{"line":52,"column":17},"end":{"line":54,"column":3}}},"5":{"name":"(anonymous_9)","decl":{"start":{"line":57,"column":2},"end":{"line":57,"column":26}},"loc":{"start":{"line":57,"column":82},"end":{"line":62,"column":3}}},"6":{"name":"(anonymous_10)","decl":{"start":{"line":65,"column":2},"end":{"line":65,"column":23}},"loc":{"start":{"line":65,"column":23},"end":{"line":67,"column":3}}}},"branchMap":{"0":{"loc":{"start":{"line":35,"column":4},"end":{"line":35,"column":95}},"type":"if","locations":[{"start":{"line":35,"column":4},"end":{"line":35,"column":95}},{"start":{},"end":{}}]},"1":{"loc":{"start":{"line":36,"column":4},"end":{"line":36,"column":85}},"type":"if","locations":[{"start":{"line":36,"column":4},"end":{"line":36,"column":85}},{"start":{},"end":{}}]},"2":{"loc":{"start":{"line":58,"column":4},"end":{"line":60,"column":5}},"type":"if","locations":[{"start":{"line":58,"column":4},"end":{"line":60,"column":5}},{"start":{},"end":{}}]},"3":{"loc":{"start":{"line":58,"column":8},"end":{"line":58,"column":43}},"type":"binary-expr","locations":[{"start":{"line":58,"column":8},"end":{"line":58,"column":24}},{"start":{"line":58,"column":28},"end":{"line":58,"column":43}}]}},"s":{"0":0,"1":0,"2":0,"3":0,"4":0,"5":0,"6":0,"7":0,"8":0,"9":0,"10":0,"11":0,"12":0,"13":0,"14":0,"15":0,"16":0,"17":0,"18":0,"19":0,"20":0,"21":0,"22":0,"23":0},"f":{"0":0,"1":0,"2":0,"3":0,"4":0,"5":0,"6":0},"b":{"0":[0,0],"1":[0,0],"2":[0,0],"3":[0,0]}}
,"D:\\WEB DEV\\assignment\\timeoff-service\\src\\mock-hcm\\mock-hcm.module.ts": {"path":"D:\\WEB DEV\\assignment\\timeoff-service\\src\\mock-hcm\\mock-hcm.module.ts","statementMap":{"0":{"start":{"line":1,"column":0},"end":{"line":1,"column":40}},"1":{"start":{"line":2,"column":0},"end":{"line":2,"column":58}},"2":{"start":{"line":3,"column":0},"end":{"line":3,"column":52}},"3":{"start":{"line":10,"column":7},"end":{"line":10,"column":null}},"4":{"start":{"line":10,"column":13},"end":{"line":10,"column":26}},"5":{"start":{"line":10,"column":13},"end":{"line":10,"column":null}}},"fnMap":{},"branchMap":{},"s":{"0":0,"1":0,"2":0,"3":0,"4":0,"5":0},"f":{},"b":{}}
,"D:\\WEB DEV\\assignment\\timeoff-service\\src\\mock-hcm\\mock-hcm.service.ts": {"path":"D:\\WEB DEV\\assignment\\timeoff-service\\src\\mock-hcm\\mock-hcm.service.ts","statementMap":{"0":{"start":{"line":1,"column":0},"end":{"line":1,"column":null}},"1":{"start":{"line":8,"column":0},"end":{"line":8,"column":75}},"2":{"start":{"line":21,"column":27},"end":{"line":186,"column":null}},"3":{"start":{"line":22,"column":19},"end":{"line":22,"column":60}},"4":{"start":{"line":25,"column":19},"end":{"line":25,"column":63}},"5":{"start":{"line":27,"column":19},"end":{"line":27,"column":74}},"6":{"start":{"line":30,"column":4},"end":{"line":30,"column":16}},"7":{"start":{"line":34,"column":22},"end":{"line":34,"column":66}},"8":{"start":{"line":35,"column":22},"end":{"line":35,"column":55}},"9":{"start":{"line":36,"column":18},"end":{"line":36,"column":80}},"10":{"start":{"line":37,"column":50},"end":{"line":41,"column":6}},"11":{"start":{"line":43,"column":4},"end":{"line":58,"column":5}},"12":{"start":{"line":44,"column":6},"end":{"line":57,"column":7}},"13":{"start":{"line":45,"column":8},"end":{"line":56,"column":9}},"14":{"start":{"line":46,"column":28},"end":{"line":46,"column":42}},"15":{"start":{"line":47,"column":10},"end":{"line":55,"column":13}},"16":{"start":{"line":60,"column":4},"end":{"line":60,"column":79}},"17":{"start":{"line":64,"column":4},"end":{"line":64,"column":49}},"18":{"start":{"line":68,"column":23},"end":{"line":68,"column":49}},"19":{"start":{"line":69,"column":4},"end":{"line":71,"column":5}},"20":{"start":{"line":70,"column":6},"end":{"line":70,"column":102}},"21":{"start":{"line":73,"column":19},"end":{"line":73,"column":73}},"22":{"start":{"line":74,"column":4},"end":{"line":78,"column":5}},"23":{"start":{"line":75,"column":6},"end":{"line":77,"column":8}},"24":{"start":{"line":79,"column":4},"end":{"line":79,"column":25}},"25":{"start":{"line":90,"column":19},"end":{"line":90,"column":60}},"26":{"start":{"line":91,"column":4},"end":{"line":94,"column":5}},"27":{"start":{"line":92,"column":6},"end":{"line":92,"column":72}},"28":{"start":{"line":93,"column":6},"end":{"line":93,"column":27}},"29":{"start":{"line":96,"column":19},"end":{"line":96,"column":73}},"30":{"start":{"line":97,"column":4},"end":{"line":101,"column":5}},"31":{"start":{"line":98,"column":6},"end":{"line":100,"column":8}},"32":{"start":{"line":103,"column":25},"end":{"line":103,"column":53}},"33":{"start":{"line":104,"column":4},"end":{"line":110,"column":5}},"34":{"start":{"line":105,"column":6},"end":{"line":109,"column":9}},"35":{"start":{"line":112,"column":4},"end":{"line":112,"column":40}},"36":{"start":{"line":113,"column":4},"end":{"line":113,"column":79}},"37":{"start":{"line":114,"column":4},"end":{"line":114,"column":39}},"38":{"start":{"line":116,"column":4},"end":{"line":116,"column":67}},"39":{"start":{"line":117,"column":4},"end":{"line":117,"column":61}},"40":{"start":{"line":119,"column":4},"end":{"line":119,"column":131}},"41":{"start":{"line":120,"column":4},"end":{"line":120,"column":25}},"42":{"start":{"line":124,"column":4},"end":{"line":124,"column":66}},"43":{"start":{"line":124,"column":55},"end":{"line":124,"column":63}},"44":{"start":{"line":128,"column":41},"end":{"line":128,"column":43}},"45":{"start":{"line":130,"column":4},"end":{"line":140,"column":5}},"46":{"start":{"line":131,"column":6},"end":{"line":139,"column":7}},"47":{"start":{"line":132,"column":8},"end":{"line":132,"column":38}},"48":{"start":{"line":133,"column":8},"end":{"line":133,"column":42}},"49":{"start":{"line":134,"column":8},"end":{"line":134,"column":43}},"50":{"start":{"line":135,"column":8},"end":{"line":135,"column":34}},"51":{"start":{"line":136,"column":8},"end":{"line":136,"column":37}},"52":{"start":{"line":138,"column":8},"end":{"line":138,"column":100}},"53":{"start":{"line":142,"column":4},"end":{"line":144,"column":5}},"54":{"start":{"line":143,"column":6},"end":{"line":143,"column":91}},"55":{"start":{"line":146,"column":4},"end":{"line":146,"column":20}},"56":{"start":{"line":150,"column":50},"end":{"line":154,"column":6}},"57":{"start":{"line":156,"column":20},"end":{"line":156,"column":21}},"58":{"start":{"line":157,"column":4},"end":{"line":164,"column":5}},"59":{"start":{"line":158,"column":6},"end":{"line":158,"column":47}},"60":{"start":{"line":159,"column":6},"end":{"line":159,"column":26}},"61":{"start":{"line":160,"column":6},"end":{"line":160,"column":46}},"62":{"start":{"line":161,"column":6},"end":{"line":161,"column":41}},"63":{"start":{"line":162,"column":6},"end":{"line":162,"column":32}},"64":{"start":{"line":163,"column":6},"end":{"line":163,"column":18}},"65":{"start":{"line":166,"column":4},"end":{"line":166,"column":74}},"66":{"start":{"line":167,"column":4},"end":{"line":167,"column":25}},"67":{"start":{"line":172,"column":21},"end":{"line":178,"column":7}},"68":{"start":{"line":172,"column":55},"end":{"line":178,"column":6}},"69":{"start":{"line":180,"column":4},"end":{"line":184,"column":6}},"70":{"start":{"line":21,"column":13},"end":{"line":21,"column":27}},"71":{"start":{"line":21,"column":13},"end":{"line":186,"column":null}}},"fnMap":{"0":{"name":"(anonymous_2)","decl":{"start":{"line":29,"column":2},"end":{"line":29,"column":null}},"loc":{"start":{"line":29,"column":2},"end":{"line":31,"column":3}}},"1":{"name":"(anonymous_3)","decl":{"start":{"line":33,"column":10},"end":{"line":33,"column":14}},"loc":{"start":{"line":33,"column":14},"end":{"line":61,"column":3}}},"2":{"name":"(anonymous_4)","decl":{"start":{"line":63,"column":10},"end":{"line":63,"column":13}},"loc":{"start":{"line":63,"column":71},"end":{"line":65,"column":3}}},"3":{"name":"(anonymous_5)","decl":{"start":{"line":67,"column":2},"end":{"line":67,"column":12}},"loc":{"start":{"line":67,"column":70},"end":{"line":80,"column":3}}},"4":{"name":"(anonymous_6)","decl":{"start":{"line":82,"column":2},"end":{"line":82,"column":15}},"loc":{"start":{"line":87,"column":26},"end":{"line":121,"column":3}}},"5":{"name":"(anonymous_7)","decl":{"start":{"line":123,"column":2},"end":{"line":123,"column":16}},"loc":{"start":{"line":123,"column":16},"end":{"line":125,"column":3}}},"6":{"name":"(anonymous_8)","decl":{"start":{"line":124,"column":47},"end":{"line":124,"column":48}},"loc":{"start":{"line":124,"column":55},"end":{"line":124,"column":63}}},"7":{"name":"(anonymous_9)","decl":{"start":{"line":127,"column":2},"end":{"line":127,"column":26}},"loc":{"start":{"line":127,"column":64},"end":{"line":147,"column":3}}},"8":{"name":"(anonymous_10)","decl":{"start":{"line":149,"column":2},"end":{"line":149,"column":23}},"loc":{"start":{"line":149,"column":23},"end":{"line":168,"column":3}}},"9":{"name":"(anonymous_11)","decl":{"start":{"line":171,"column":2},"end":{"line":171,"column":19}},"loc":{"start":{"line":171,"column":19},"end":{"line":185,"column":3}}},"10":{"name":"(anonymous_12)","decl":{"start":{"line":172,"column":47},"end":{"line":172,"column":48}},"loc":{"start":{"line":172,"column":55},"end":{"line":178,"column":6}}}},"branchMap":{"0":{"loc":{"start":{"line":69,"column":4},"end":{"line":71,"column":5}},"type":"if","locations":[{"start":{"line":69,"column":4},"end":{"line":71,"column":5}},{"start":{},"end":{}}]},"1":{"loc":{"start":{"line":74,"column":4},"end":{"line":78,"column":5}},"type":"if","locations":[{"start":{"line":74,"column":4},"end":{"line":78,"column":5}},{"start":{},"end":{}}]},"2":{"loc":{"start":{"line":91,"column":4},"end":{"line":94,"column":5}},"type":"if","locations":[{"start":{"line":91,"column":4},"end":{"line":94,"column":5}},{"start":{},"end":{}}]},"3":{"loc":{"start":{"line":97,"column":4},"end":{"line":101,"column":5}},"type":"if","locations":[{"start":{"line":97,"column":4},"end":{"line":101,"column":5}},{"start":{},"end":{}}]},"4":{"loc":{"start":{"line":104,"column":4},"end":{"line":110,"column":5}},"type":"if","locations":[{"start":{"line":104,"column":4},"end":{"line":110,"column":5}},{"start":{},"end":{}}]},"5":{"loc":{"start":{"line":113,"column":41},"end":{"line":113,"column":77}},"type":"cond-expr","locations":[{"start":{"line":113,"column":53},"end":{"line":113,"column":68}},{"start":{"line":113,"column":71},"end":{"line":113,"column":77}}]},"6":{"loc":{"start":{"line":131,"column":6},"end":{"line":139,"column":7}},"type":"if","locations":[{"start":{"line":131,"column":6},"end":{"line":139,"column":7}},{"start":{},"end":{}}]},"7":{"loc":{"start":{"line":131,"column":10},"end":{"line":131,"column":82}},"type":"binary-expr","locations":[{"start":{"line":131,"column":10},"end":{"line":131,"column":42}},{"start":{"line":131,"column":46},"end":{"line":131,"column":82}}]},"8":{"loc":{"start":{"line":142,"column":4},"end":{"line":144,"column":5}},"type":"if","locations":[{"start":{"line":142,"column":4},"end":{"line":144,"column":5}},{"start":{},"end":{}}]}},"s":{"0":1,"1":1,"2":1,"3":13,"4":13,"5":13,"6":13,"7":13,"8":13,"9":13,"10":13,"11":13,"12":52,"13":156,"14":468,"15":468,"16":13,"17":487,"18":8,"19":8,"20":1,"21":7,"22":7,"23":1,"24":6,"25":8,"26":8,"27":1,"28":1,"29":7,"30":7,"31":1,"32":6,"33":6,"34":1,"35":5,"36":5,"37":5,"38":5,"39":5,"40":5,"41":5,"42":1,"43":36,"44":3,"45":3,"46":108,"47":6,"48":6,"49":6,"50":6,"51":6,"52":6,"53":3,"54":1,"55":2,"56":1,"57":1,"58":1,"59":36,"60":36,"61":36,"62":36,"63":36,"64":36,"65":1,"66":1,"67":1,"68":36,"69":1,"70":1,"71":1},"f":{"0":13,"1":13,"2":487,"3":8,"4":8,"5":1,"6":36,"7":3,"8":1,"9":1,"10":36},"b":{"0":[1,7],"1":[1,6],"2":[1,7],"3":[1,6],"4":[1,5],"5":[4,1],"6":[6,102],"7":[108,18],"8":[1,2]}}
,"D:\\WEB DEV\\assignment\\timeoff-service\\src\\time-off\\time-off.module.ts": {"path":"D:\\WEB DEV\\assignment\\timeoff-service\\src\\time-off\\time-off.module.ts","statementMap":{"0":{"start":{"line":1,"column":0},"end":{"line":1,"column":40}},"1":{"start":{"line":2,"column":0},"end":{"line":2,"column":48}},"2":{"start":{"line":3,"column":0},"end":{"line":3,"column":68}},"3":{"start":{"line":4,"column":0},"end":{"line":4,"column":68}},"4":{"start":{"line":5,"column":0},"end":{"line":5,"column":62}},"5":{"start":{"line":6,"column":0},"end":{"line":6,"column":62}},"6":{"start":{"line":7,"column":0},"end":{"line":7,"column":71}},"7":{"start":{"line":8,"column":0},"end":{"line":8,"column":71}},"8":{"start":{"line":9,"column":0},"end":{"line":9,"column":71}},"9":{"start":{"line":10,"column":0},"end":{"line":10,"column":62}},"10":{"start":{"line":11,"column":0},"end":{"line":11,"column":62}},"11":{"start":{"line":12,"column":0},"end":{"line":12,"column":71}},"12":{"start":{"line":13,"column":0},"end":{"line":13,"column":60}},"13":{"start":{"line":14,"column":0},"end":{"line":14,"column":62}},"14":{"start":{"line":25,"column":7},"end":{"line":25,"column":null}},"15":{"start":{"line":25,"column":13},"end":{"line":25,"column":26}},"16":{"start":{"line":25,"column":13},"end":{"line":25,"column":null}}},"fnMap":{},"branchMap":{},"s":{"0":0,"1":0,"2":0,"3":0,"4":0,"5":0,"6":0,"7":0,"8":0,"9":0,"10":0,"11":0,"12":0,"13":0,"14":0,"15":0,"16":0},"f":{},"b":{}}
,"D:\\WEB DEV\\assignment\\timeoff-service\\src\\time-off\\controllers\\balances.controller.ts": {"path":"D:\\WEB DEV\\assignment\\timeoff-service\\src\\time-off\\controllers\\balances.controller.ts","statementMap":{"0":{"start":{"line":1,"column":0},"end":{"line":1,"column":63}},"1":{"start":{"line":2,"column":0},"end":{"line":2,"column":63}},"2":{"start":{"line":5,"column":7},"end":{"line":17,"column":null}},"3":{"start":{"line":6,"column":31},"end":{"line":6,"column":48}},"4":{"start":{"line":14,"column":21},"end":{"line":14,"column":38}},"5":{"start":{"line":15,"column":4},"end":{"line":15,"column":89}},"6":{"start":{"line":5,"column":13},"end":{"line":5,"column":31}},"7":{"start":{"line":9,"column":8},"end":{"line":16,"column":null}},"8":{"start":{"line":5,"column":13},"end":{"line":17,"column":null}}},"fnMap":{"0":{"name":"(anonymous_4)","decl":{"start":{"line":6,"column":2},"end":{"line":6,"column":31}},"loc":{"start":{"line":6,"column":63},"end":{"line":6,"column":67}}},"1":{"name":"(anonymous_5)","decl":{"start":{"line":9,"column":8},"end":{"line":9,"column":19}},"loc":{"start":{"line":12,"column":34},"end":{"line":16,"column":3}}}},"branchMap":{},"s":{"0":0,"1":0,"2":0,"3":0,"4":0,"5":0,"6":0,"7":0,"8":0},"f":{"0":0,"1":0},"b":{}}
,"D:\\WEB DEV\\assignment\\timeoff-service\\src\\time-off\\controllers\\requests.controller.ts": {"path":"D:\\WEB DEV\\assignment\\timeoff-service\\src\\time-off\\controllers\\requests.controller.ts","statementMap":{"0":{"start":{"line":1,"column":0},"end":{"line":1,"column":null}},"1":{"start":{"line":15,"column":0},"end":{"line":15,"column":63}},"2":{"start":{"line":16,"column":0},"end":{"line":16,"column":61}},"3":{"start":{"line":17,"column":0},"end":{"line":17,"column":61}},"4":{"start":{"line":18,"column":0},"end":{"line":18,"column":59}},"5":{"start":{"line":19,"column":0},"end":{"line":19,"column":65}},"6":{"start":{"line":23,"column":7},"end":{"line":78,"column":null}},"7":{"start":{"line":24,"column":31},"end":{"line":24,"column":48}},"8":{"start":{"line":32,"column":4},"end":{"line":32,"column":67}},"9":{"start":{"line":41,"column":22},"end":{"line":41,"column":33}},"10":{"start":{"line":42,"column":20},"end":{"line":42,"column":44}},"11":{"start":{"line":43,"column":4},"end":{"line":43,"column":72}},"12":{"start":{"line":48,"column":4},"end":{"line":48,"column":47}},"13":{"start":{"line":58,"column":4},"end":{"line":58,"column":69}},"14":{"start":{"line":68,"column":4},"end":{"line":68,"column":68}},"15":{"start":{"line":76,"column":4},"end":{"line":76,"column":62}},"16":{"start":{"line":23,"column":13},"end":{"line":23,"column":31}},"17":{"start":{"line":28,"column":8},"end":{"line":33,"column":null}},"18":{"start":{"line":36,"column":8},"end":{"line":44,"column":null}},"19":{"start":{"line":47,"column":8},"end":{"line":49,"column":null}},"20":{"start":{"line":53,"column":8},"end":{"line":59,"column":null}},"21":{"start":{"line":63,"column":8},"end":{"line":69,"column":null}},"22":{"start":{"line":72,"column":8},"end":{"line":77,"column":null}},"23":{"start":{"line":23,"column":13},"end":{"line":78,"column":null}}},"fnMap":{"0":{"name":"(anonymous_4)","decl":{"start":{"line":24,"column":2},"end":{"line":24,"column":31}},"loc":{"start":{"line":24,"column":63},"end":{"line":24,"column":67}}},"1":{"name":"(anonymous_5)","decl":{"start":{"line":28,"column":8},"end":{"line":28,"column":14}},"loc":{"start":{"line":30,"column":57},"end":{"line":33,"column":3}}},"2":{"name":"(anonymous_6)","decl":{"start":{"line":36,"column":8},"end":{"line":36,"column":12}},"loc":{"start":{"line":39,"column":46},"end":{"line":44,"column":3}}},"3":{"name":"(anonymous_7)","decl":{"start":{"line":47,"column":8},"end":{"line":47,"column":14}},"loc":{"start":{"line":47,"column":38},"end":{"line":49,"column":3}}},"4":{"name":"(anonymous_8)","decl":{"start":{"line":53,"column":8},"end":{"line":53,"column":15}},"loc":{"start":{"line":56,"column":89},"end":{"line":59,"column":3}}},"5":{"name":"(anonymous_9)","decl":{"start":{"line":63,"column":8},"end":{"line":63,"column":14}},"loc":{"start":{"line":66,"column":89},"end":{"line":69,"column":3}}},"6":{"name":"(anonymous_10)","decl":{"start":{"line":72,"column":8},"end":{"line":72,"column":14}},"loc":{"start":{"line":74,"column":48},"end":{"line":77,"column":3}}}},"branchMap":{"0":{"loc":{"start":{"line":42,"column":20},"end":{"line":42,"column":44}},"type":"binary-expr","locations":[{"start":{"line":42,"column":20},"end":{"line":42,"column":29}},{"start":{"line":42,"column":33},"end":{"line":42,"column":44}}]}},"s":{"0":0,"1":0,"2":0,"3":0,"4":0,"5":0,"6":0,"7":0,"8":0,"9":0,"10":0,"11":0,"12":0,"13":0,"14":0,"15":0,"16":0,"17":0,"18":0,"19":0,"20":0,"21":0,"22":0,"23":0},"f":{"0":0,"1":0,"2":0,"3":0,"4":0,"5":0,"6":0},"b":{"0":[0,0]}}
,"D:\\WEB DEV\\assignment\\timeoff-service\\src\\time-off\\dto\\approve-reject.dto.ts": {"path":"D:\\WEB DEV\\assignment\\timeoff-service\\src\\time-off\\dto\\approve-reject.dto.ts","statementMap":{"0":{"start":{"line":1,"column":0},"end":{"line":1,"column":55}},"1":{"start":{"line":3,"column":0},"end":{"line":3,"column":13}},"2":{"start":{"line":6,"column":2},"end":{"line":6,"column":null}}},"fnMap":{},"branchMap":{},"s":{"0":0,"1":0,"2":0},"f":{},"b":{}}
,"D:\\WEB DEV\\assignment\\timeoff-service\\src\\time-off\\dto\\create-request.dto.ts": {"path":"D:\\WEB DEV\\assignment\\timeoff-service\\src\\time-off\\dto\\create-request.dto.ts","statementMap":{"0":{"start":{"line":1,"column":0},"end":{"line":1,"column":89}},"1":{"start":{"line":2,"column":0},"end":{"line":2,"column":66}},"2":{"start":{"line":4,"column":0},"end":{"line":4,"column":13}},"3":{"start":{"line":7,"column":2},"end":{"line":7,"column":null}},"4":{"start":{"line":11,"column":2},"end":{"line":11,"column":null}},"5":{"start":{"line":14,"column":2},"end":{"line":14,"column":null}},"6":{"start":{"line":17,"column":2},"end":{"line":17,"column":null}},"7":{"start":{"line":20,"column":2},"end":{"line":20,"column":null}},"8":{"start":{"line":24,"column":2},"end":{"line":24,"column":null}}},"fnMap":{},"branchMap":{},"s":{"0":0,"1":0,"2":0,"3":0,"4":0,"5":0,"6":0,"7":0,"8":0},"f":{},"b":{}}
,"D:\\WEB DEV\\assignment\\timeoff-service\\src\\time-off\\dto\\list-requests.dto.ts": {"path":"D:\\WEB DEV\\assignment\\timeoff-service\\src\\time-off\\dto\\list-requests.dto.ts","statementMap":{"0":{"start":{"line":1,"column":0},"end":{"line":1,"column":80}},"1":{"start":{"line":2,"column":0},"end":{"line":2,"column":41}},"2":{"start":{"line":3,"column":0},"end":{"line":3,"column":68}},"3":{"start":{"line":18,"column":2},"end":{"line":18,"column":20}},"4":{"start":{"line":25,"column":2},"end":{"line":25,"column":22}},"5":{"start":{"line":5,"column":0},"end":{"line":5,"column":13}},"6":{"start":{"line":8,"column":2},"end":{"line":8,"column":null}},"7":{"start":{"line":12,"column":2},"end":{"line":12,"column":null}},"8":{"start":{"line":18,"column":2},"end":{"line":18,"column":null}},"9":{"start":{"line":15,"column":14},"end":{"line":15,"column":20}},"10":{"start":{"line":25,"column":2},"end":{"line":25,"column":null}},"11":{"start":{"line":21,"column":14},"end":{"line":21,"column":20}}},"fnMap":{"0":{"name":"(anonymous_2)","decl":{"start":{"line":5,"column":0},"end":{"line":5,"column":13}},"loc":{"start":{"line":5,"column":0},"end":{"line":26,"column":1}}},"1":{"name":"(anonymous_3)","decl":{"start":{"line":15,"column":8},"end":{"line":15,"column":11}},"loc":{"start":{"line":15,"column":14},"end":{"line":15,"column":20}}},"2":{"name":"(anonymous_4)","decl":{"start":{"line":21,"column":8},"end":{"line":21,"column":11}},"loc":{"start":{"line":21,"column":14},"end":{"line":21,"column":20}}}},"branchMap":{},"s":{"0":0,"1":0,"2":0,"3":0,"4":0,"5":0,"6":0,"7":0,"8":0,"9":0,"10":0,"11":0},"f":{"0":0,"1":0,"2":0},"b":{}}
,"D:\\WEB DEV\\assignment\\timeoff-service\\src\\time-off\\entities\\time-off-balance.entity.ts": {"path":"D:\\WEB DEV\\assignment\\timeoff-service\\src\\time-off\\entities\\time-off-balance.entity.ts","statementMap":{"0":{"start":{"line":1,"column":0},"end":{"line":1,"column":null}},"1":{"start":{"line":9,"column":0},"end":{"line":9,"column":56}},"2":{"start":{"line":13,"column":7},"end":{"line":49,"column":null}},"3":{"start":{"line":13,"column":13},"end":{"line":13,"column":27}},"4":{"start":{"line":15,"column":2},"end":{"line":15,"column":null}},"5":{"start":{"line":18,"column":2},"end":{"line":18,"column":null}},"6":{"start":{"line":21,"column":2},"end":{"line":21,"column":null}},"7":{"start":{"line":24,"column":2},"end":{"line":24,"column":null}},"8":{"start":{"line":27,"column":2},"end":{"line":27,"column":null}},"9":{"start":{"line":30,"column":2},"end":{"line":30,"column":null}},"10":{"start":{"line":33,"column":2},"end":{"line":33,"column":null}},"11":{"start":{"line":36,"column":2},"end":{"line":36,"column":null}},"12":{"start":{"line":39,"column":2},"end":{"line":39,"column":null}},"13":{"start":{"line":42,"column":2},"end":{"line":42,"column":null}},"14":{"start":{"line":45,"column":2},"end":{"line":45,"column":null}},"15":{"start":{"line":48,"column":2},"end":{"line":48,"column":null}},"16":{"start":{"line":13,"column":13},"end":{"line":49,"column":null}}},"fnMap":{},"branchMap":{},"s":{"0":3,"1":3,"2":3,"3":3,"4":3,"5":3,"6":3,"7":3,"8":3,"9":3,"10":3,"11":3,"12":3,"13":3,"14":3,"15":3,"16":3},"f":{},"b":{}}
,"D:\\WEB DEV\\assignment\\timeoff-service\\src\\time-off\\entities\\time-off-request.entity.ts": {"path":"D:\\WEB DEV\\assignment\\timeoff-service\\src\\time-off\\entities\\time-off-request.entity.ts","statementMap":{"0":{"start":{"line":1,"column":0},"end":{"line":1,"column":null}},"1":{"start":{"line":10,"column":0},"end":{"line":10,"column":null}},"2":{"start":{"line":11,"column":2},"end":{"line":11,"column":null}},"3":{"start":{"line":12,"column":2},"end":{"line":12,"column":null}},"4":{"start":{"line":13,"column":2},"end":{"line":13,"column":null}},"5":{"start":{"line":16,"column":0},"end":{"line":16,"column":null}},"6":{"start":{"line":17,"column":2},"end":{"line":17,"column":null}},"7":{"start":{"line":18,"column":2},"end":{"line":18,"column":null}},"8":{"start":{"line":19,"column":2},"end":{"line":19,"column":null}},"9":{"start":{"line":20,"column":2},"end":{"line":20,"column":null}},"10":{"start":{"line":21,"column":2},"end":{"line":21,"column":null}},"11":{"start":{"line":22,"column":2},"end":{"line":22,"column":null}},"12":{"start":{"line":28,"column":7},"end":{"line":79,"column":null}},"13":{"start":{"line":28,"column":13},"end":{"line":28,"column":27}},"14":{"start":{"line":30,"column":2},"end":{"line":30,"column":null}},"15":{"start":{"line":33,"column":2},"end":{"line":33,"column":null}},"16":{"start":{"line":36,"column":2},"end":{"line":36,"column":null}},"17":{"start":{"line":39,"column":2},"end":{"line":39,"column":null}},"18":{"start":{"line":42,"column":2},"end":{"line":42,"column":null}},"19":{"start":{"line":45,"column":2},"end":{"line":45,"column":null}},"20":{"start":{"line":48,"column":2},"end":{"line":48,"column":null}},"21":{"start":{"line":51,"column":2},"end":{"line":51,"column":null}},"22":{"start":{"line":54,"column":2},"end":{"line":54,"column":null}},"23":{"start":{"line":57,"column":2},"end":{"line":57,"column":null}},"24":{"start":{"line":60,"column":2},"end":{"line":60,"column":null}},"25":{"start":{"line":63,"column":2},"end":{"line":63,"column":null}},"26":{"start":{"line":66,"column":2},"end":{"line":66,"column":null}},"27":{"start":{"line":69,"column":2},"end":{"line":69,"column":null}},"28":{"start":{"line":72,"column":2},"end":{"line":72,"column":null}},"29":{"start":{"line":75,"column":2},"end":{"line":75,"column":null}},"30":{"start":{"line":78,"column":2},"end":{"line":78,"column":null}},"31":{"start":{"line":28,"column":13},"end":{"line":79,"column":null}}},"fnMap":{"0":{"name":"(anonymous_2)","decl":{"start":{"line":10,"column":0},"end":{"line":10,"column":12}},"loc":{"start":{"line":10,"column":23},"end":{"line":14,"column":1}}},"1":{"name":"(anonymous_3)","decl":{"start":{"line":16,"column":0},"end":{"line":16,"column":12}},"loc":{"start":{"line":16,"column":25},"end":{"line":23,"column":1}}}},"branchMap":{"0":{"loc":{"start":{"line":10,"column":12},"end":{"line":10,"column":null}},"type":"binary-expr","locations":[{"start":{"line":10,"column":12},"end":{"line":10,"column":23}},{"start":{"line":10,"colu
[...]
,"D:\\WEB DEV\\assignment\\timeoff-service\\src\\time-off\\services\\requests.service.ts": {"path":"D:\\WEB DEV\\assignment\\timeoff-service\\src\\time-off\\services\\requests.service.ts","statementMap":{"0":{"start":{"line":1,"column":0},"end":{"line":1,"column":null}},"1":{"start":{"line":11,"column":0},"end":{"line":11,"column":51}},"2":{"start":{"line":12,"column":0},"end":{"line":12,"column":49}},"3":{"start":{"line":13,"column":0},"end":{"line":13,"column":84}},"4":{"start":{"line":14,"column":0},"end":{"line":14,"column":69}},"5":{"start":{"line":15,"column":0},"end":{"line":15,"column":88}},"6":{"start":{"line":16,"column":0},"end":{"line":16,"column":88}},"7":{"start":{"line":17,"column":0},"end":{"line":17,"column":53}},"8":{"start":{"line":18,"column":0},"end":{"line":18,"column":62}},"9":{"start":{"line":22,"column":0},"end":{"line":22,"column":65}},"10":{"start":{"line":23,"column":0},"end":{"line":23,"column":33}},"11":{"start":{"line":26,"column":28},"end":{"line":324,"column":null}},"12":{"start":{"line":31,"column":21},"end":{"line":31,"column":34}},"13":{"start":{"line":33,"column":21},"end":{"line":33,"column":34}},"14":{"start":{"line":35,"column":21},"end":{"line":35,"column":33}},"15":{"start":{"line":37,"column":21},"end":{"line":37,"column":35}},"16":{"start":{"line":39,"column":21},"end":{"line":39,"column":42}},"17":{"start":{"line":40,"column":21},"end":{"line":40,"column":38}},"18":{"start":{"line":41,"column":21},"end":{"line":41,"column":42}},"19":{"start":{"line":42,"column":21},"end":{"line":42,"column":33}},"20":{"start":{"line":27,"column":19},"end":{"line":27,"column":61}},"21":{"start":{"line":47,"column":4},"end":{"line":56,"column":5}},"22":{"start":{"line":48,"column":23},"end":{"line":48,"column":84}},"23":{"start":{"line":49,"column":6},"end":{"line":55,"column":7}},"24":{"start":{"line":50,"column":8},"end":{"line":54,"column":11}},"25":{"start":{"line":58,"column":21},"end":{"line":58,"column":87}},"26":{"start":{"line":59,"column":4},"end":{"line":59,"column":87}},"27":{"start":{"line":59,"column":19},"end":{"line":59,"column":87}},"28":{"start":{"line":61,"column":26},"end":{"line":61,"column":88}},"29":{"start":{"line":62,"column":4},"end":{"line":64,"column":5}},"30":{"start":{"line":63,"column":6},"end":{"line":63,"column":83}},"31":{"start":{"line":68,"column":4},"end":{"line":75,"column":5}},"32":{"start":{"line":69,"column":6},"end":{"line":69,"column":93}},"33":{"start":{"line":71,"column":6},"end":{"line":74,"column":9}},"34":{"start":{"line":78,"column":25},"end":{"line":78,"column":112}},"35":{"start":{"line":79,"column":31},"end":{"line":79,"column":82}},"36":{"start":{"line":81,"column":4},"end":{"line":87,"column":5}},"37":{"start":{"line":82,"column":6},"end":{"line":86,"column":9}},"38":{"start":{"line":89,"column":4},"end":{"line":121,"column":7}},"39":{"start":{"line":90,"column":22},"end":{"line":100,"column":8}},"40":{"start":{"line":101,"column":6},"end":{"line":101,"column":56}},"41":{"start":{"line":104,"column":6},"end":{"line":109,"column":8}},"42":{"start":{"line":111,"column":22},"end":{"line":113,"column":8}},"43":{"start":{"line":114,"column":6},"end":{"line":117,"column":7}},"44":{"start":{"line":115,"column":8},"end":{"line":115,"column":91}},"45":{"start":{"line":116,"column":8},"end":{"line":116,"column":58}},"46":{"start":{"line":119,"column":6},"end":{"line":119,"column":108}},"47":{"start":{"line":120,"column":6},"end":{"line":120,"column":21}},"48":{"start":{"line":125,"column":18},"end":{"line":125,"column":58}},"49":{"start":{"line":127,"column":4},"end":{"line":131,"column":5}},"50":{"start":{"line":128,"column":6},"end":{"line":128,"column":66}},"51":{"start":{"line":129,"column":11},"end":{"line":131,"column":5}},"52":{"start":{"line":130,"column":6},"end":{"line":130,"column":80}},"53":{"start":{"line":133,"column":4},"end":{"line":135,"column":5}},"54":{"start":{"line":134,"column":6},"end":{"line":134,"column":67}},"55":{"start":{"line":137,"column":4},"end":{"line":137,"column":41}},"56":{"start":{"line":139,"column":17},"end":{"line":139,"column":30}},"57":{"start":{"line":140,"column":18},"end":{"line":140,"column":33}},"58":{"start":{"line":141,"column":4},"end":{"line":141,"column":47}},"59":{"start":{"line":143,"column":26},"end":{"line":143,"column":55}},"60":{"start":{"line":144,"column":4},"end":{"line":144,"column":40}},"61":{"start":{"line":148,"column":20},"end":{"line":148,"column":69}},"62":{"start":{"line":149,"column":4},"end":{"line":149,"column":73}},"63":{"start":{"line":149,"column":18},"end":{"line":149,"column":73}},"64":{"start":{"line":150,"column":4},"end":{"line":150,"column":19}},"65":{"start":{"line":154,"column":20},"end":{"line":154,"column":69}},"66":{"start":{"line":155,"column":4},"end":{"line":155,"column":73}},"67":{"start":{"line":155,"column":18},"end":{"line":155,"column":73}},"68":{"start":{"line":157,"column":4},"end":{"line":162,"column":5}},"69":{"start":{"line":158,"column":6},"end":{"line":161,"column":9}},"70":{"start":{"line":166,"column":4},"end":{"line":173,"column":5}},"71":{"start":{"line":167,"column":6},"end":{"line":167,"column":105}},"72":{"start":{"line":169,"column":6},"end":{"line":172,"column":9}},"73":{"start":{"line":176,"column":25},"end":{"line":178,"column":6}},"74":{"start":{"line":179,"column":29},"end":{"line":179,"column":98}},"75":{"start":{"line":180,"column":31},"end":{"line":180,"column":74}},"76":{"start":{"line":182,"column":4},"end":{"line":188,"column":5}},"77":{"start":{"line":183,"column":6},"end":{"line":187,"column":9}},"78":{"start":{"line":190,"column":27},"end":{"line":193,"column":20}},"79":{"start":{"line":196,"column":4},"end":{"line":217,"column":7}},"80":{"start":{"line":197,"column":6},"end":{"line":197,"column":46}},"81":{"start":{"line":198,"column":6},"end":{"line":198,"column":38}},"82":{"start":{"line":199,"column":6},"end":{"line":199,"column":54}},"83":{"start":{"line":200,"column":6},"end":{"line":200,"column":38}},"84":{"start":{"line":201,"column":6},"end":{"line":201,"column":56}},"85":{"start":{"line":203,"column":21},"end":{"line":215,"column":8}},"86":{"start":{"line":216,"column":6},"end":{"line":216,"column":52}},"87":{"start":{"line":220,"column":4},"end":{"line":256,"column":5}},"88":{"start":{"line":221,"column":21},"end":{"line":226,"column":null}},"89":{"start":{"line":229,"column":6},"end":{"line":249,"column":9}},"90":{"start":{"line":230,"column":8},"end":{"line":230,"column":45}},"91":{"start":{"line":231,"column":8},"end":{"line":231,"column":58}},"92":{"start":{"line":233,"column":24},"end":{"line":235,"column":10}},"93":{"start":{"line":236,"column":8},"end":{"line":242,"column":9}},"94":{"start":{"line":237,"column":10},"end":{"line":237,"column":89}},"95":{"start":{"line":238,"column":10},"end":{"line":238,"column":52}},"96":{"start":{"line":239,"column":10},"end":{"line":239,"column":80}},"97":{"start":{"line":240,"column":10},"end":{"line":240,"column":44}},"98":{"start":{"line":241,"column":10},"end":{"line":241,"column":60}},"99":{"start":{"line":244,"column":8},"end":{"line":248,"column":10}},"100":{"start":{"line":251,"column":6},"end":{"line":251,"column":73}},"101":{"start":{"line":253,"column":6},"end":{"line":253,"column":103}},"102":{"start":{"line":254,"column":6},"end":{"line":254,"column":55}},"103":{"start":{"line":255,"column":6},"end":{"line":255,"column":43}},"104":{"start":{"line":258,"column":4},"end":{"line":258,"column":19}},"105":{"start":{"line":262,"column":20},"end":{"line":262,"column":69}},"106":{"start":{"line":263,"column":4},"end":{"line":263,"column":73}},"107":{"start":{"line":263,"column":18},"end":{"line":263,"column":73}},"108":{"start":{"line":265,"column":4},"end":{"line":270,"column":5}},"109":{"start":{"line":266,"column":6},"end":{"line":269,"column":9}},"110":{"start":{"line":272,"column":4},"end":{"line":286,"column":7}},"111":{"start":{"line":273,"column":6},"end":{"line":273,"column":46}},"112":{"start":{"line":274,"column":6},"end":{"line":274,"column":38}},"113":{"start":{"line":275,"column":6},"end":{"line":275,"column":54}},"114":{"start":{"line":276,"column":6},"end":{"line":276,"column":56}},"115":{"start":{"line":278,"column":22},"end":{"line":280,"column":8}},"116":{"start":{"line":281,"column":6},"end":{"line":285,"column":7}},"117":{"start":{"line":282,"column":8},"end":{"line":282,"column":87}},"118":{"start":{"line":283,"column":8},"end":{"line":283,"column":91}},"119":{"start":{"line":284,"column":8},"end":{"line":284,"column":58}},"120":{"start":{"line":288,"column":4},"end":{"line":288,"column":46}},"121":{"start":{"line":289,"column":4},"end":{"line":289,"column":19}},"122":{"start":{"line":293,"column":20},"end":{"line":293,"column":69}},"123":{"start":{"line":294,"column":4},"end":{"line":294,"column":73}},"124":{"start":{"line":294,"column":18},"end":{"line":294,"column":73}},"125":{"start":{"line":296,"column":4},"end":{"line":298,"column":5}},"126":{"start":{"line":297,"column":6},"end":{"line":297,"column":76}},"127":{"start":{"line":300,"column":4},"end":{"line":305,"column":5}},"128":{"start":{"line":301,"column":6},"end":{"line":304,"column":9}},"129":{"start":{"line":307,"column":4},"end":{"line":319,"column":7}},"130":{"start":{"line":308,"column":6},"end":{"line":308,"column":47}},"131":{"start":{"line":309,"column":6},"end":{"line":309,"column":56}},"132":{"start":{"line":311,"column":22},"end":{"line":313,"column":8}},"133":{"start":{"line":314,"column":6},"end":{"line":318,"column":7}},"134":{"start":{"line":315,"column":8},"end":{"line":315,"column":87}},"135":{"start":{"line":316,"column":8},"end":{"line":316,"column":91}},"136":{"start":{"line":317,"column":8},"end":{"line":317,"column":58}},"137":{"start":{"line":321,"column":4},"end":{"line":321,"column":47}},"138":{"start":{"line":322,"column":4},"end":{"line":322,"column":19}},"139":{"start":{"line":26,"column":13},"end":{"line":26,"column":28}},"140":{"start":{"line":26,"column":13},"end":{"line":324,"column":null}}},"fnMap":{"0":{"name":"(anonymous_13)","decl":{"start":{"line":29,"column":2},"end":{"line":29,"column":null}},"loc":{"start":{"line":42,"column":43},"end":{"line":43,"column":6}}},"1":{"name":"(anonymous_14)","decl":{"start":{"line":45,"column":2},"end":{"line":45,"column":7}},"loc":{"start":{"line":45,"column":68},"end":{"line":122,"column":3}}},"2":{"name":"(anonymous_15)","decl":{"start":{"line":89,"column":39},"end":{"line":89,"column":44}},"loc":{"start":{"line":89,"column":63},"end":{"line":121,"column":5}}},"3":{"name":"(anonymous_16)","decl":{"start":{"line":124,"column":2},"end":{"line":124,"column":7}},"loc":{"start":{"line":124,"column":82},"end":{"line":145,"column":3}}},"4":{"name":"(anonymous_17)","decl":{"start":{"line":147,"column":2},"end":{"line":147,"column":7}},"loc":{"start":{"line":147,"column":29},"end":{"line":151,"column":3}}},"5":{"name":"(anonymous_18)","decl":{"start":{"line":153,"column":2},"end":{"line":153,"column":7}},"loc":{"start":{"line":153,"column":76},"end":{"line":259,"column":3}}},"6":{"name":"(anonymous_19)","decl":{"start":{"line":196,"column":38},"end":{"line":196,"column":43}},"loc":{"start":{"line":196,"column":62},"end":{"line":217,"column":5}}},"7":{"name":"(anonymous_20)","decl":{"start":{"line":229,"column":40},"end":{"line":229,"column":45}},"loc":{"start":{"line":229,"column":64},"end":{"line":249,"column":7}}},"8":{"name":"(anonymous_21)","decl":{"start":{"line":261,"column":2},"end":{"line":261,"column":7}},"loc":{"start":{"line":261,"column":75},"end":{"line":290,"column":3}}},"9":{"name":"(anonymous_22)","decl":{"start":{"line":272,"column":38},"end":{"line":272,"column":43}},"loc":{"start":{"line":272,"column":62},"end":{"line":286,"column":5}}},"10":{"name":"(anonymous_23)","decl":{"start":{"line":292,"column":2},"end":{"line":292,"column":7}},"loc":{"start":{"line":292,"column":52},"end":{"line":323,"column":3}}},"11":{"name":"(anonymous_24)","decl":{"start":{"line":307,"column":38},"end":{"line":307,"column":43}},"loc":{"start":{"line":307,"column":62},"end":{"line":319,"column":5}}}},"branchMap":{"0":{"loc":{"start":{"line":47,"column":4},"end":{"line":56,"column":5}},"type":"if","locations":[{"start":{"line":47,"column":4},"end":{"line":56,"column":5}},{"start":{},"end":{}}]},"1":{"loc":{"start":{"line":49,"column":6},"end":{"line":55,"column":7}},"type":"if","locations":[{"start":{"line":49,"column":6},"end":{"line":55,"column":7}},{"start":{},"end":{}}]},"2":{"loc":{"start":{"line":59,"column":4},"end":{"line":59,"column":87}},"type":"if","locations":[{"start":{"line":59,"column":4},"end":{"line":59,"column":87}},{"start":{},"end":{}}]},"3":{"loc":{"start":{"line":62,"column":4},"end":{"line":64,"column":5}},"type":"if","locations":[{"start":{"line":62,"column":4},"end":{"line":64,"column":5}},{"start":{},"end":{}}]},"4":{"loc":{"start":{"line":81,"column":4},"end":{"line":87,"column":5}},"type":"if","locations":[{"start":{"line":81,"column":4},"end":{"line":87,"column":5}},{"start":{},"end":{}}]},"5":{"loc":{"start":{"line":99,"column":24},"end":{"line":99,"column":61}},"type":"binary-expr","locations":[{"start":{"line":99,"column":24},"end":{"line":99,"column":38}},{"start":{"line":99,"column":42},"end":{"line":99,"column":61}}]},"6":{"loc":{"start":{"line":114,"column":6},"end":{"line":117,"column":7}},"type":"if","locations":[{"start":{"line":114,"column":6},"end":{"line":117,"column":7}},{"start":{},"end":{}}]},"7":{"loc":{"start":{"line":127,"column":4},"end":{"line":131,"column":5}},"type":"if","locations":[{"start":{"line":127,"column":4},"end":{"line":131,"column":5}},{"start":{"line":129,"column":11},"end":{"line":131,"column":5}}]},"8":{"loc":{"start":{"line":129,"column":11},"end":{"line":131,"column":5}},"type":"if","locations":[{"start":{"line":129,"column":11},"end":{"line":131,"column":5}},{"start":{},"end":{}}]},"9":{"loc":{"start":{"line":133,"column":4},"end":{"line":135,"column":5}},"type":"if","locations":[{"start":{"line":133,"column":4},"end":{"line":135,"column":5}},{"start":{},"end":{}}]},"10":{"loc":{"start":{"line":139,"column":17},"end":{"line":139,"column":30}},"type":"binary-expr","locations":[{"start":{"line":139,"column":17},"end":{"line":139,"column":25}},{"start":{"line":139,"column":29},"end":{"line":139,"column":30}}]},"11":{"loc":{"start":{"line":140,"column":18},"end":{"line":140,"column":33}},"type":"binary-expr","locations":[{"start":{"line":140,"column":18},"end":{"line":140,"column":27}},{"start":{"line":140,"column":31},"end":{"line":140,"column":33}}]},"12":{"loc":{"start":{"line":149,"column":4},"end":{"line":149,"column":73}},"type":"if","locations":[{"start":{"line":149,"column":4},"end":{"line":149,"column":73}},{"start":{},"end":{}}]},"13":{"loc":{"start":{"line":155,"column":4},"end":{"line":155,"column":73}},"type":"if","locations":[{"start":{"line":155,"column":4},"end":{"line":155,"column":73}},{"start":{},"end":{}}]},"14":{"loc":{"start":{"line":157,"column":4},"end":{"line":162,"column":5}},"type":"if","locations":[{"start":{"line":157,"column":4},"end":{"line":162,"column":5}},{"start":{},"end":{}}]},"15":{"loc":{"start":{"line":179,"column":42},"end":{"line":179,"column":72}},"type":"binary-expr","locations":[{"start":{"line":179,"column":42},"end":{"line":179,"column":67}},{"start":{"line":179,"column":71},"end":{"line":179,"column":72}}]},"16":{"loc":{"start":{"line":182,"column":4},"end":{"line":188,"column":5}},"type":"if","locations":[{"start":{"line":182,"column":4},"end":{"line":188,"column":5}},{"start":{},"end":{}}]},"17":{"loc":{"start":{"line":199,"column":29},"end":{"line":199,"column":53}},"type":"binary-expr","locations":[{"start":{"line":199,"column":29},"end":{"line":199,"column":45}},{"start":{"line":199,"column":49},"end":{"line":199,"column":53}}]},"18":{"loc":{"start":{"line":236,"column":8},"end":{"line":242,"column":9}},"type":"if","locations":[{"start":{"line":236,"column":8},"end":{"line":242,"column":9}},{"start":{},"end":{}}]},"19":{"loc":{"start":{"line":263,"column":4},"end":{"line":263,"column":73}},"type":"if","locations":[{"start":{"line":263,"column":4},"end":{"line":263,"column":73}},{"start":{},"end":{}}]},"20":{"loc":{"start":{"line":265,"column":4},"end":{"line":270,"column":5}},"type":"if","locations":[{"start":{"line":265,"column":4},"end":{"line":270,"column":5}},{"start":{},"end":{}}]},"21":{"loc":{"start":{"line":275,"column":29},"end":{"line":275,"column":53}},"type":"binary-expr","locations":[{"start":{"line":275,"column":29},"end":{"line":275,"column":45}},{"start":{"line":275,"column":49},"end":{"line":275,"column":53}}]},"22":{"loc":{"start":{"line":281,"column":6},"end":{"line":285,"column":7}},"type":"if","locations":[{"start":{"line":281,"column":6},"end":{"line":285,"column":7}},{"start":{},"end":{}}]},"23":{"loc":{"start":{"line":294,"column":4},"end":{"line":294,"column":73}},"type":"if","locations":[{"start":{"line":294,"column":4},"end":{"line":294,"column":73}},{"start":{},"end":{}}]},"24":{"loc":{"start":{"line":296,"column":4},"end":{"line":298,"column":5}},"type":"if","locations":[{"start":{"line":296,"column":4},"end":{"line":298,"column":5}},{"start":{},"end":{}}]},"25":{"loc":{"start":{"line":300,"column":4},"end":{"line":305,"column":5}},"type":"if","locations":[{"start":{"line":300,"column":4},"end":{"line":305,"column":5}},{"start":{},"end":{}}]},"26":{"loc":{"start":{"line":314,"column":6},"end":{"line":318,"column":7}},"type":"if","locations":[{"start":{"line":314,"column":6},"end":{"line":318,"column":7}},{"start":{},"end":{}}]}},"s":{"0":1,"1":1,"2":1,"3":1,"4":1,"5":1,"6":1,"7":1,"8":1,"9":1,"10":1,"11":1,"12":17,"13":17,"14":17,"15":17,"16":17,"17":17,"18":17,"19":17,"20":17,"21":6,"22":0,"23":0,"24":0,"25":6,"26":6,"27":1,"28":5,"29":5,"30":1,"31":4,"32":4,"33":1,"34":3,"35":3,"36":3,"37":2,"38":1,"39":1,"40":1,"41":1,"42":1,"43":1,"44":1,"45":1,"46":1,"47":1,"48":0,"49":0,"50":0,"51":0,"52":0,"53":0,"54":0,"55":0,"56":0,"57":0,"58":0,"59":0,"60":0,"61":0,"62":0,"63":0,"64":0,"65":6,"66":6,"67":1,"68":5,"69":1,"70":4,"71":4,"72":1,"73":3,"74":3,"75":3,"76":3,"77":1,"78":2,"79":2,"80":2,"81":2,"82":2,"83":2,"84":2,"85":2,"86":2,"87":2,"88":2,"89":1,"90":1,"91":1,"92":1,"93":1,"94":1,"95":1,"96":1,"97":1,"98":1,"99":1,"100":1,"101":1,"102":1,"103":1,"104":2,"105":2,"106":2,"107":0,"108":2,"109":1,"110":1,"111":1,"112":1,"113":1,"114":1,"115":1,"116":1,"117":1,"118":1,"119":1,"120":1,"121":1,"122":3,"123":3,"124":0,"125":3,"126":1,"127":2,"128":1,"129":1,"130":1,"131":1,"132":1,"133":1,"134":1,"135":1,"136":1,"137":1,"138":1,"139":1,"140":1},"f":{"0":17,"1":6,"2":1,"3":0,"4":0,"5":6,"6":2,"7":1,"8":2,"9":1,"10":3,"11":1},"b":{"0":[0,6],"1":[0,0],"2":[1,5],"3":[1,4],"4":[2,1],"5":[1,1],"6":[1,0],"7":[0,0],"8":[0,0],"9":[0,0],"10":[0,0],"11":[0,0],"12":[0,0],"13":[1,5],"14":[1,4],"15":[3,0],"16":[1,2],"17":[2,2],"18":[1,0],"19":[0,2],"20":[1,1],"21":[1,0],"22":[1,0],"23":[0,3],"24":[1,2],"25":[1,1],"26":[1,0]}}
}
