TN:
SF:src\app.controller.ts
FN:6,(anonymous_2)
FN:9,(anonymous_3)
FNF:2
FNH:2
FNDA:1,(anonymous_2)
FNDA:1,(anonymous_3)
DA:1,1
DA:2,1
DA:5,1
DA:6,1
DA:9,1
DA:10,1
LF:6
LH:6
BRF:0
BRH:0
end_of_record
TN:
SF:src\app.module.ts
FNF:0
FNH:0
DA:1,0
DA:2,0
DA:3,0
DA:4,0
DA:5,0
DA:6,0
DA:7,0
DA:8,0
DA:9,0
DA:10,0
DA:11,0
DA:12,0
DA:29,0
LF:13
LH:0
BRDA:18,0,0,0
BRDA:18,0,1,0
BRF:2
BRH:0
end_of_record
TN:
SF:src\app.service.ts
FN:5,(anonymous_1)
FNF:1
FNH:1
FNDA:1,(anonymous_1)
DA:1,1
DA:4,1
DA:6,1
LF:3
LH:3
BRF:0
BRH:0
end_of_record
TN:
SF:src\database.seeder.ts
FN:5,seedDatabase
FNF:1
FNH:0
FNDA:0,seedDatabase
DA:2,0
DA:3,0
DA:5,0
DA:6,0
DA:7,0
DA:9,0
DA:10,0
DA:12,0
DA:18,0
DA:25,0
LF:10
LH:0
BRDA:10,0,0,0
BRDA:10,0,1,0
BRF:2
BRH:0
end_of_record
TN:
SF:src\main.ts
FN:8,bootstrap
FNF:1
FNH:0
FNDA:0,bootstrap
DA:1,0
DA:2,0
DA:3,0
DA:4,0
DA:5,0
DA:6,0
DA:9,0
DA:11,0
DA:19,0
DA:22,0
DA:23,0
DA:25,0
DA:26,0
DA:27,0
DA:30,0
LF:15
LH:0
BRDA:25,0,0,0
BRDA:25,0,1,0
BRF:2
BRH:0
end_of_record
TN:
SF:src\common\entities\employee.entity.ts
FN:3,(anonymous_2)
FNF:1
FNH:1
FNDA:1,(anonymous_2)
DA:1,1
DA:3,1
DA:4,1
DA:5,1
DA:9,1
DA:11,1
DA:14,1
DA:17,1
DA:20,1
DA:23,1
DA:26,1
DA:29,1
LF:12
LH:12
BRDA:3,0,0,1
BRDA:3,0,1,1
BRF:2
BRH:2
end_of_record
TN:
SF:src\common\entities\location.entity.ts
FNF:0
FNH:0
DA:1,1
DA:4,1
DA:6,1
DA:9,1
DA:12,1
DA:15,1
DA:18,1
LF:7
LH:7
BRF:0
BRH:0
end_of_record
TN:
SF:src\common\filters\http-exception.filter.ts
FN:5,(anonymous_1)
FN:8,(anonymous_2)
FNF:2
FNH:0
FNDA:0,(anonymous_1)
FNDA:0,(anonymous_2)
DA:1,0
DA:5,0
DA:6,0
DA:9,0
DA:10,0
DA:11,0
DA:12,0
DA:13,0
DA:16,0
DA:20,0
DA:22,0
LF:11
LH:0
BRDA:16,0,0,0
BRDA:16,0,1,0
BRF:2
BRH:0
end_of_record
TN:
SF:src\common\guards\manager.guard.ts
FN:8,(anonymous_4)
FN:13,(anonymous_5)
FNF:2
FNH:0
FNDA:0,(anonymous_4)
FNDA:0,(anonymous_5)
DA:1,0
DA:2,0
DA:3,0
DA:4,0
DA:7,0
DA:10,0
DA:14,0
DA:15,0
DA:17,0
DA:18,0
DA:21,0
DA:23,0
DA:24,0
DA:27,0
DA:28,0
LF:15
LH:0
BRDA:17,0,0,0
BRDA:17,0,1,0
BRDA:23,1,0,0
BRDA:23,1,1,0
BRDA:23,2,0,0
BRDA:23,2,1,0
BRF:6
BRH:0
end_of_record
TN:
SF:src\common\interceptors\idempotency.interceptor.ts
FN:18,(anonymous_4)
FN:23,(anonymous_5)
FN:42,(anonymous_6)
FNF:3
FNH:0
FNDA:0,(anonymous_4)
FNDA:0,(anonymous_5)
FNDA:0,(anonymous_6)
DA:1,0
DA:9,0
DA:10,0
DA:11,0
DA:12,0
DA:15,0
DA:16,0
DA:20,0
DA:24,0
DA:25,0
DA:27,0
DA:28,0
DA:31,0
DA:32,0
DA:33,0
DA:34,0
DA:41,0
DA:43,0
LF:18
LH:0
BRDA:27,0,0,0
BRDA:27,0,1,0
BRDA:32,1,0,0
BRDA:32,1,1,0
BRF:4
BRH:0
end_of_record
TN:
SF:src\hcm-sync\hcm-sync.controller.ts
FN:6,(anonymous_4)
FN:10,(anonymous_5)
FN:15,(anonymous_6)
FNF:3
FNH:0
FNDA:0,(anonymous_4)
FNDA:0,(anonymous_5)
FNDA:0,(anonymous_6)
DA:1,0
DA:2,0
DA:5,0
DA:6,0
DA:10,0
DA:11,0
DA:15,0
DA:16,0
LF:8
LH:0
BRF:0
BRH:0
end_of_record
TN:
SF:src\hcm-sync\hcm-sync.module.ts
FNF:0
FNH:0
DA:1,0
DA:2,0
DA:3,0
DA:4,0
DA:5,0
DA:6,0
DA:7,0
DA:8,0
DA:9,0
DA:10,0
DA:11,0
DA:12,0
DA:30,0
LF:13
LH:0
BRF:0
BRH:0
end_of_record
TN:
SF:src\hcm-sync\entities\outbox-event.entity.ts
FN:3,(anonymous_2)
FNF:1
FNH:1
FNDA:2,(anonymous_2)
DA:1,2
DA:3,2
DA:4,2
DA:5,2
DA:6,2
DA:7,2
DA:11,2
DA:13,2
DA:16,2
DA:19,2
DA:22,2
DA:25,2
DA:28,2
DA:31,2
DA:34,2
DA:37,2
LF:16
LH:16
BRDA:3,0,0,2
BRDA:3,0,1,2
BRF:2
BRH:2
end_of_record
TN:
SF:src\hcm-sync\entities\sync-event.entity.ts
FN:3,(anonymous_2)
FN:12,(anonymous_3)
FNF:2
FNH:2
FNDA:1,(anonymous_2)
FNDA:1,(anonymous_3)
DA:1,1
DA:3,1
DA:4,1
DA:5,1
DA:6,1
DA:7,1
DA:8,1
DA:9,1
DA:12,1
DA:13,1
DA:14,1
DA:15,1
DA:19,1
DA:21,1
DA:24,1
DA:27,1
DA:30,1
DA:33,1
DA:36,1
DA:39,1
DA:42,1
DA:45,1
DA:48,1
DA:51,1
LF:24
LH:24
BRDA:3,0,0,1
BRDA:3,0,1,1
BRDA:12,1,0,1
BRDA:12,1,1,1
BRF:4
BRH:4
end_of_record
TN:
SF:src\hcm-sync\interfaces\hcm-client.interface.ts
FNF:0
FNH:0
DA:20,2
LF:1
LH:1
BRF:0
BRH:0
end_of_record
TN:
SF:src\hcm-sync\services\batch-sync.service.ts
FN:37,(anonymous_13)
FN:46,(anonymous_14)
FN:96,(anonymous_15)
FN:194,(anonymous_16)
FNF:4
FNH:3
FNDA:6,(anonymous_13)
FNDA:6,(anonymous_14)
FNDA:6,(anonymous_15)
FNDA:0,(anonymous_16)
DA:1,1
DA:2,1
DA:3,1
DA:4,1
DA:5,1
DA:6,1
DA:7,1
DA:33,1
DA:34,6
DA:35,6
DA:39,6
DA:41,6
DA:43,6
DA:47,6
DA:49,6
DA:50,6
DA:51,1
DA:54,5
DA:56,5
DA:57,5
DA:58,5
DA:60,5
DA:61,6
DA:62,6
DA:63,5
DA:64,5
DA:66,1
DA:67,1
DA:68,1
DA:72,5
DA:74,5
DA:84,5
DA:86,5
DA:97,6
DA:101,5
DA:102,5
DA:107,5
DA:108,5
DA:110,5
DA:111,2
DA:122,2
DA:123,2
DA:126,3
DA:127,2
DA:133,2
DA:134,2
DA:135,2
DA:136,2
DA:137,2
DA:138,2
DA:139,2
DA:140,2
DA:142,2
DA:157,3
DA:158,1
DA:164,1
DA:174,1
DA:188,1
DA:191,3
DA:195,0
DA:200,0
DA:205,0
DA:206,0
DA:208,0
LF:64
LH:59
BRDA:50,0,0,1
BRDA:50,0,1,5
BRDA:50,1,0,6
BRDA:50,1,1,6
BRDA:63,2,0,4
BRDA:63,2,1,1
BRDA:64,3,0,1
BRDA:64,3,1,4
BRDA:78,4,0,4
BRDA:78,4,1,1
BRDA:79,5,0,1
BRDA:79,5,1,4
BRDA:110,6,0,2
BRDA:110,6,1,3
BRDA:126,7,0,2
BRDA:126,7,1,1
BRDA:157,8,0,1
BRDA:157,8,1,2
BRDA:209,9,0,0
BRDA:209,9,1,0
BRDA:210,10,0,0
BRDA:210,10,1,0
BRF:22
BRH:18
end_of_record
TN:
SF:src\hcm-sync\services\hcm-client.service.ts
FN:10,(anonymous_1)
FN:13,(anonymous_2)
FN:16,(anonymous_3)
FN:21,(anonymous_4)
FN:30,(anonymous_5)
FN:35,(anonymous_6)
FN:49,(anonymous_7)
FN:59,(anonymous_8)
FN:64,(anonymous_9)
FN:77,(anonymous_10)
FNF:10
FNH:0
FNDA:0,(anonymous_1)
FNDA:0,(anonymous_2)
FNDA:0,(anonymous_3)
FNDA:0,(anonymous_4)
FNDA:0,(anonymous_5)
FNDA:0,(anonymous_6)
FNDA:0,(anonymous_7)
FNDA:0,(anonymous_8)
FNDA:0,(anonymous_9)
FNDA:0,(anonymous_10)
DA:1,0
DA:5,0
DA:6,0
DA:7,0
DA:10,0
DA:11,0
DA:14,0
DA:15,0
DA:16,0
DA:28,0
DA:29,0
DA:30,0
DA:36,0
DA:38,0
DA:39,0
DA:40,0
DA:42,0
DA:43,0
DA:44,0
DA:46,0
DA:48,0
DA:49,0
DA:53,0
DA:60,0
DA:61,0
DA:70,0
DA:76,0
DA:77,0
DA:78,0
DA:79,0
DA:80,0
DA:83,0
LF:32
LH:0
BRDA:5,0,0,0
BRDA:5,0,1,0
BRDA:46,1,0,0
BRDA:46,1,1,0
BRDA:46,2,0,0
BRDA:46,2,1,0
BRDA:61,3,0,0
BRDA:61,3,1,0
BRDA:73,4,0,0
BRDA:73,4,1,0
BRDA:76,5,0,0
BRDA:76,5,1,0
BRF:12
BRH:0
end_of_record
TN:
SF:src\hcm-sync\services\outbox-worker.service.ts
FN:18,(anonymous_4)
FN:30,(anonymous_5)
FN:53,(anonymous_6)
FNF:3
FNH:3
FNDA:5,(anonymous_4)
FNDA:6,(anonymous_5)
FNDA:4,(anonymous_6)
DA:1,1
DA:2,1
DA:3,1
DA:4,1
DA:5,1
DA:6,1
DA:7,1
DA:8,1
DA:11,1
DA:14,1
DA:15,5
DA:16,5
DA:20,5
DA:22,5
DA:24,5
DA:26,5
DA:30,1
DA:31,6
DA:32,5
DA:34,5
DA:35,5
DA:41,5
DA:42,4
DA:45,5
DA:46,4
DA:49,5
DA:54,4
DA:55,1
DA:56,1
DA:57,1
DA:60,3
DA:65,3
DA:73,3
DA:74,3
DA:82,1
DA:85,1
DA:86,1
DA:87,1
DA:88,1
DA:89,1
DA:91,1
DA:94,1
DA:95,1
DA:96,1
DA:97,1
DA:98,1
DA:99,1
DA:100,1
DA:104,1
DA:106,2
DA:107,2
DA:109,2
DA:111,1
DA:113,1
DA:114,1
DA:115,1
DA:116,1
DA:117,1
DA:120,1
DA:123,1
DA:124,1
DA:125,1
DA:126,1
DA:127,1
DA:131,1
DA:134,1
DA:138,1
LF:67
LH:67
BRDA:31,0,0,1
BRDA:31,0,1,5
BRDA:41,1,0,4
BRDA:41,1,1,1
BRDA:54,2,0,1
BRDA:54,2,1,3
BRDA:86,3,0,1
BRDA:86,3,1,0
BRDA:86,4,0,1
BRDA:86,4,1,1
BRDA:94,5,0,1
BRDA:94,5,1,0
BRDA:107,6,0,2
BRDA:107,6,1,2
BRDA:107,6,2,2
BRDA:109,7,0,1
BRDA:109,7,1,1
BRDA:114,8,0,1
BRDA:114,8,1,0
BRDA:123,9,0,1
BRDA:123,9,1,0
BRF:21
BRH:17
end_of_record
TN:
SF:src\hcm-sync\services\sync-scheduler.service.ts
FN:15,(anonymous_13)
FN:28,(anonymous_14)
FN:37,(anonymous_15)
FNF:3
FNH:0
FNDA:0,(anonymous_13)
FNDA:0,(anonymous_14)
FNDA:0,(anonymous_15)
DA:1,0
DA:2,0
DA:3,0
DA:4,0
DA:5,0
DA:6,0
DA:7,0
DA:8,0
DA:9,0
DA:12,0
DA:13,0
DA:17,0
DA:19,0
DA:21,0
DA:23,0
DA:28,0
DA:29,0
DA:31,0
DA:36,0
DA:37,0
DA:38,0
DA:39,0
DA:40,0
DA:41,0
DA:44,0
DA:45,0
DA:46,0
DA:47,0
DA:51,0
DA:53,0
DA:58,0
DA:59,0
DA:60,0
DA:61,0
DA:62,0
DA:63,0
DA:65,0
DA:77,0
DA:80,0
LF:39
LH:0
BRDA:39,0,0,0
BRDA:39,0,1,0
BRDA:51,1,0,0
BRDA:51,1,1,0
BRDA:58,2,0,0
BRDA:58,2,1,0
BRF:6
BRH:0
end_of_record
TN:
SF:src\mock-hcm\mock-hcm.controller.ts
FN:16,(anonymous_4)
FN:19,(anonymous_5)
FN:28,(anonymous_6)
FN:47,(anonymous_7)
FN:52,(anonymous_8)
FN:57,(anonymous_9)
FN:65,(anonymous_10)
FNF:7
FNH:0
FNDA:0,(anonymous_4)
FNDA:0,(anonymous_5)
FNDA:0,(anonymous_6)
FNDA:0,(anonymous_7)
FNDA:0,(anonymous_8)
FNDA:0,(anonymous_9)
FNDA:0,(anonymous_10)
DA:1,0
DA:11,0
DA:15,0
DA:16,0
DA:19,0
DA:24,0
DA:28,0
DA:35,0
DA:36,0
DA:37,0
DA:47,0
DA:48,0
DA:52,0
DA:53,0
DA:57,0
DA:58,0
DA:59,0
DA:61,0
DA:65,0
DA:66,0
LF:20
LH:0
BRDA:35,0,0,0
BRDA:35,0,1,0
BRDA:36,1,0,0
BRDA:36,1,1,0
BRDA:58,2,0,0
BRDA:58,2,1,0
BRDA:58,3,0,0
BRDA:58,3,1,0
BRF:8
BRH:0
end_of_record
TN:
SF:src\mock-hcm\mock-hcm.module.ts
FNF:0
FNH:0
DA:1,0
DA:2,0
DA:3,0
DA:10,0
LF:4
LH:0
BRF:0
BRH:0
end_of_record
TN:
SF:src\mock-hcm\mock-hcm.service.ts
FN:29,(anonymous_2)
FN:33,(anonymous_3)
FN:63,(anonymous_4)
FN:67,(anonymous_5)
FN:82,(anonymous_6)
FN:123,(anonymous_7)
FN:124,(anonymous_8)
FN:127,(anonymous_9)
FN:149,(anonymous_10)
FN:171,(anonymous_11)
FN:172,(anonymous_12)
FNF:11
FNH:11
FNDA:13,(anonymous_2)
FNDA:13,(anonymous_3)
FNDA:487,(anonymous_4)
FNDA:8,(anonymous_5)
FNDA:8,(anonymous_6)
FNDA:1,(anonymous_7)
FNDA:36,(anonymous_8)
FNDA:3,(anonymous_9)
FNDA:1,(anonymous_10)
FNDA:1,(anonymous_11)
FNDA:36,(anonymous_12)
DA:1,1
DA:8,1
DA:21,1
DA:22,13
DA:25,13
DA:27,13
DA:30,13
DA:34,13
DA:35,13
DA:36,13
DA:37,13
DA:43,13
DA:44,52
DA:45,156
DA:46,468
DA:47,468
DA:60,13
DA:64,487
DA:68,8
DA:69,8
DA:70,1
DA:73,7
DA:74,7
DA:75,1
DA:79,6
DA:90,8
DA:91,8
DA:92,1
DA:93,1
DA:96,7
DA:97,7
DA:98,1
DA:103,6
DA:104,6
DA:105,1
DA:112,5
DA:113,5
DA:114,5
DA:116,5
DA:117,5
DA:119,5
DA:120,5
DA:124,36
DA:128,3
DA:130,3
DA:131,108
DA:132,6
DA:133,6
DA:134,6
DA:135,6
DA:136,6
DA:138,6
DA:142,3
DA:143,1
DA:146,2
DA:150,1
DA:156,1
DA:157,1
DA:158,36
DA:159,36
DA:160,36
DA:161,36
DA:162,36
DA:163,36
DA:166,1
DA:167,1
DA:172,36
DA:180,1
LF:68
LH:68
BRDA:69,0,0,1
BRDA:69,0,1,7
BRDA:74,1,0,1
BRDA:74,1,1,6
BRDA:91,2,0,1
BRDA:91,2,1,7
BRDA:97,3,0,1
BRDA:97,3,1,6
BRDA:104,4,0,1
BRDA:104,4,1,5
BRDA:113,5,0,4
BRDA:113,5,1,1
BRDA:131,6,0,6
BRDA:131,6,1,102
BRDA:131,7,0,108
BRDA:131,7,1,18
BRDA:142,8,0,1
BRDA:142,8,1,2
BRF:18
BRH:18
end_of_record
TN:
SF:src\time-off\time-off.module.ts
FNF:0
FNH:0
DA:1,0
DA:2,0
DA:3,0
DA:4,0
DA:5,0
DA:6,0
DA:7,0
DA:8,0
DA:9,0
DA:10,0
DA:11,0
DA:12,0
DA:13,0
DA:14,0
DA:25,0
LF:15
LH:0
BRF:0
BRH:0
end_of_record
TN:
SF:src\time-off\controllers\balances.controller.ts
FN:6,(anonymous_4)
FN:9,(anonymous_5)
FNF:2
FNH:0
FNDA:0,(anonymous_4)
FNDA:0,(anonymous_5)
DA:1,0
DA:2,0
DA:5,0
DA:6,0
DA:9,0
DA:14,0
DA:15,0
LF:7
LH:0
BRF:0
BRH:0
end_of_record
TN:
SF:src\time-off\controllers\requests.controller.ts
FN:24,(anonymous_4)
FN:28,(anonymous_5)
FN:36,(anonymous_6)
FN:47,(anonymous_7)
FN:53,(anonymous_8)
FN:63,(anonymous_9)
FN:72,(anonymous_10)
FNF:7
FNH:0
FNDA:0,(anonymous_4)
FNDA:0,(anonymous_5)
FNDA:0,(anonymous_6)
FNDA:0,(anonymous_7)
FNDA:0,(anonymous_8)
FNDA:0,(anonymous_9)
FNDA:0,(anonymous_10)
DA:1,0
DA:15,0
DA:16,0
DA:17,0
DA:18,0
DA:19,0
DA:23,0
DA:24,0
DA:28,0
DA:32,0
DA:36,0
DA:41,0
DA:42,0
DA:43,0
DA:47,0
DA:48,0
DA:53,0
DA:58,0
DA:63,0
DA:68,0
DA:72,0
DA:76,0
LF:22
LH:0
BRDA:42,0,0,0
BRDA:42,0,1,0
BRF:2
BRH:0
end_of_record
TN:
SF:src\time-off\dto\approve-reject.dto.ts
FNF:0
FNH:0
DA:1,0
DA:3,0
DA:6,0
LF:3
LH:0
BRF:0
BRH:0
end_of_record
TN:
SF:src\time-off\dto\create-request.dto.ts
FNF:0
FNH:0
DA:1,0
DA:2,0
DA:4,0
DA:7,0
DA:11,0
DA:14,0
DA:17,0
DA:20,0
DA:24,0
LF:9
LH:0
BRF:0
BRH:0
end_of_record
TN:
SF:src\time-off\dto\list-requests.dto.ts
FN:5,(anonymous_2)
FN:15,(anonymous_3)
FN:21,(anonymous_4)
FNF:3
FNH:0
FNDA:0,(anonymous_2)
FNDA:0,(anonymous_3)
FNDA:0,(anonymous_4)
DA:1,0
DA:2,0
DA:3,0
DA:5,0
DA:8,0
DA:12,0
DA:15,0
DA:18,0
DA:21,0
DA:25,0
LF:10
LH:0
BRF:0
BRH:0
end_of_record
TN:
SF:src\time-off\entities\time-off-balance.entity.ts
FNF:0
FNH:0
DA:1,3
DA:9,3
DA:13,3
DA:15,3
DA:18,3
DA:21,3
DA:24,3
DA:27,3
DA:30,3
DA:33,3
DA:36,3
DA:39,3
DA:42,3
DA:45,3
DA:48,3
LF:15
LH:15
BRF:0
BRH:0
end_of_record
TN:
SF:src\time-off\entities\time-off-request.entity.ts
FN:10,(anonymous_2)
FN:16,(anonymous_3)
FNF:2
FNH:2
FNDA:4,(anonymous_2)
FNDA:4,(anonymous_3)
DA:1,4
DA:10,4
DA:11,4
DA:12,4
DA:13,4
DA:16,4
DA:17,4
DA:18,4
DA:19,4
DA:20,4
DA:21,4
DA:22,4
DA:28,4
DA:30,4
DA:33,4
DA:36,4
DA:39,4
DA:42,4
DA:45,4
DA:48,4
DA:51,4
DA:54,4
DA:57,4
DA:60,4
DA:63,4
DA:66,4
DA:69,4
DA:72,4
DA:75,4
DA:78,4
LF:30
LH:30
BRDA:10,0,0,4
BRDA:10,0,1,4
BRDA:16,1,0,4
BRDA:16,1,1,4
BRF:4
BRH:4
end_of_record
TN:
SF:src\time-off\services\balances.service.ts
FN:17,(anonymous_13)
FN:28,(anonymous_14)
FN:64,(anonymous_15)
FN:87,(anonymous_16)
FN:98,(anonymous_17)
FN:105,(anonymous_18)
FN:112,(anonymous_19)
FN:120,(anonymous_20)
FN:135,(anonymous_21)
FN:140,(anonymous_22)
FNF:10
FNH:0
FNDA:0,(anonymous_13)
FNDA:0,(anonymous_14)
FNDA:0,(anonymous_15)
FNDA:0,(anonymous_16)
FNDA:0,(anonymous_17)
FNDA:0,(anonymous_18)
FNDA:0,(anonymous_19)
FNDA:0,(anonymous_20)
FNDA:0,(anonymous_21)
FNDA:0,(anonymous_22)
DA:1,1
DA:2,1
DA:3,1
DA:4,1
DA:6,1
DA:7,1
DA:8,1
DA:9,1
DA:11,1
DA:14,1
DA:15,0
DA:19,0
DA:21,0
DA:23,0
DA:25,0
DA:33,0
DA:34,0
DA:36,0
DA:37,0
DA:39,0
DA:41,0
DA:43,0
DA:44,0
DA:45,0
DA:46,0
DA:47,0
DA:48,0
DA:49,0
DA:51,0
DA:52,0
DA:53,0
DA:56,0
DA:57,0
DA:61,0
DA:69,0
DA:71,0
DA:72,0
DA:81,0
DA:84,0
DA:92,0
DA:93,0
DA:94,0
DA:95,0
DA:99,0
DA:100,0
DA:101,0
DA:102,0
DA:106,0
DA:107,0
DA:108,0
DA:109,0
DA:113,0
DA:114,0
DA:115,0
DA:116,0
DA:117,0
DA:125,0
DA:126,0
DA:127,0
DA:128,0
DA:132,0
DA:136,0
DA:137,0
DA:145,0
LF:64
LH:10
BRDA:31,0,0,0
BRDA:34,1,0,0
BRDA:34,1,1,0
BRDA:37,2,0,0
BRDA:37,2,1,0
BRDA:44,3,0,0
BRDA:44,3,1,0
BRDA:44,4,0,0
BRDA:44,4,1,0
BRDA:71,5,0,0
BRDA:71,5,1,0
BRDA:136,6,0,0
BRDA:136,6,1,0
BRDA:147,7,0,0
BRDA:147,7,1,0
BRDA:154,8,0,0
BRDA:154,8,1,0
BRF:17
BRH:0
end_of_record
TN:
SF:src\time-off\services\business-days.service.ts
FN:5,(anonymous_1)
FNF:1
FNH:1
FNDA:14,(anonymous_1)
DA:1,2
DA:4,2
DA:6,14
DA:7,14
DA:9,14
DA:10,1
DA:13,13
DA:14,1
DA:17,12
DA:18,12
DA:20,12
DA:21,43
DA:22,43
DA:23,35
DA:25,43
DA:28,12
LF:16
LH:16
BRDA:9,0,0,1
BRDA:9,0,1,13
BRDA:9,1,0,14
BRDA:9,1,1,13
BRDA:13,2,0,1
BRDA:13,2,1,12
BRDA:22,3,0,35
BRDA:22,3,1,8
BRDA:22,4,0,43
BRDA:22,4,1,39
BRF:10
BRH:10
end_of_record
TN:
SF:src\time-off\services\requests.service.ts
FN:29,(anonymous_13)
FN:45,(anonymous_14)
FN:89,(anonymous_15)
FN:124,(anonymous_16)
FN:147,(anonymous_17)
FN:153,(anonymous_18)
FN:196,(anonymous_19)
FN:229,(anonymous_20)
FN:261,(anonymous_21)
FN:272,(anonymous_22)
FN:292,(anonymous_23)
FN:307,(anonymous_24)
FNF:12
FNH:10
FNDA:17,(anonymous_13)
FNDA:6,(anonymous_14)
FNDA:1,(anonymous_15)
FNDA:0,(anonymous_16)
FNDA:0,(anonymous_17)
FNDA:6,(anonymous_18)
FNDA:2,(anonymous_19)
FNDA:1,(anonymous_20)
FNDA:2,(anonymous_21)
FNDA:1,(anonymous_22)
FNDA:3,(anonymous_23)
FNDA:1,(anonymous_24)
DA:1,1
DA:11,1
DA:12,1
DA:13,1
DA:14,1
DA:15,1
DA:16,1
DA:17,1
DA:18,1
DA:22,1
DA:23,1
DA:26,1
DA:27,17
DA:31,17
DA:33,17
DA:35,17
DA:37,17
DA:39,17
DA:40,17
DA:41,17
DA:42,17
DA:47,6
DA:48,0
DA:49,0
DA:50,0
DA:58,6
DA:59,6
DA:61,5
DA:62,5
DA:63,1
DA:68,4
DA:69,4
DA:71,1
DA:78,3
DA:79,3
DA:81,3
DA:82,2
DA:89,1
DA:90,1
DA:101,1
DA:104,1
DA:111,1
DA:114,1
DA:115,1
DA:116,1
DA:119,1
DA:120,1
DA:125,0
DA:127,0
DA:128,0
DA:129,0
DA:130,0
DA:133,0
DA:134,0
DA:137,0
DA:139,0
DA:140,0
DA:141,0
DA:143,0
DA:144,0
DA:148,0
DA:149,0
DA:150,0
DA:154,6
DA:155,6
DA:157,5
DA:158,1
DA:166,4
DA:167,4
DA:169,1
DA:176,3
DA:179,3
DA:180,3
DA:182,3
DA:183,1
DA:190,2
DA:196,2
DA:197,2
DA:198,2
DA:199,2
DA:200,2
DA:201,2
DA:203,2
DA:216,2
DA:220,2
DA:221,2
DA:229,1
DA:230,1
DA:231,1
DA:233,1
DA:236,1
DA:237,1
DA:238,1
DA:239,1
DA:240,1
DA:241,1
DA:244,1
DA:251,1
DA:253,1
DA:254,1
DA:255,1
DA:258,2
DA:262,2
DA:263,2
DA:265,2
DA:266,1
DA:272,1
DA:273,1
DA:274,1
DA:275,1
DA:276,1
DA:278,1
DA:281,1
DA:282,1
DA:283,1
DA:284,1
DA:288,1
DA:289,1
DA:293,3
DA:294,3
DA:296,3
DA:297,1
DA:300,2
DA:301,1
DA:307,1
DA:308,1
DA:309,1
DA:311,1
DA:314,1
DA:315,1
DA:316,1
DA:317,1
DA:321,1
DA:322,1
LF:134
LH:115
BRDA:47,0,0,0
BRDA:47,0,1,6
BRDA:49,1,0,0
BRDA:49,1,1,0
BRDA:59,2,0,1
BRDA:59,2,1,5
BRDA:62,3,0,1
BRDA:62,3,1,4
BRDA:81,4,0,2
BRDA:81,4,1,1
BRDA:99,5,0,1
BRDA:99,5,1,1
BRDA:114,6,0,1
BRDA:114,6,1,0
BRDA:127,7,0,0
BRDA:127,7,1,0
BRDA:129,8,0,0
BRDA:129,8,1,0
BRDA:133,9,0,0
BRDA:133,9,1,0
BRDA:139,10,0,0
BRDA:139,10,1,0
BRDA:140,11,0,0
BRDA:140,11,1,0
BRDA:149,12,0,0
BRDA:149,12,1,0
BRDA:155,13,0,1
BRDA:155,13,1,5
BRDA:157,14,0,1
BRDA:157,14,1,4
BRDA:179,15,0,3
BRDA:179,15,1,0
BRDA:182,16,0,1
BRDA:182,16,1,2
BRDA:199,17,0,2
BRDA:199,17,1,2
BRDA:236,18,0,1
BRDA:236,18,1,0
BRDA:263,19,0,0
BRDA:263,19,1,2
BRDA:265,20,0,1
BRDA:265,20,1,1
BRDA:275,21,0,1
BRDA:275,21,1,0
BRDA:281,22,0,1
BRDA:281,22,1,0
BRDA:294,23,0,0
BRDA:294,23,1,3
BRDA:296,24,0,1
BRDA:296,24,1,2
BRDA:300,25,0,1
BRDA:300,25,1,1
BRDA:314,26,0,1
BRDA:314,26,1,0
BRF:54
BRH:31
end_of_record
